{"C:\\Users\\User\\Desktop\\eventhub\\eventhub_frontend\\src\\App.tsx": {"path":"C:\\Users\\User\\Desktop\\eventhub\\eventhub_frontend\\src\\App.tsx","statementMap":{"0":{"start":{"line":1,"column":0},"end":{"line":1,"column":74}},"1":{"start":{"line":2,"column":0},"end":{"line":2,"column":39}},"2":{"start":{"line":3,"column":0},"end":{"line":3,"column":54}},"3":{"start":{"line":4,"column":0},"end":{"line":4,"column":65}},"4":{"start":{"line":5,"column":0},"end":{"line":5,"column":57}},"5":{"start":{"line":6,"column":0},"end":{"line":6,"column":73}},"6":{"start":{"line":7,"column":0},"end":{"line":7,"column":50}},"7":{"start":{"line":8,"column":0},"end":{"line":8,"column":51}},"8":{"start":{"line":9,"column":0},"end":{"line":9,"column":63}},"9":{"start":{"line":10,"column":0},"end":{"line":10,"column":73}},"10":{"start":{"line":12,"column":22},"end":{"line":13,"column":null}},"11":{"start":{"line":13,"column":7},"end":{"line":13,"column":57}},"12":{"start":{"line":17,"column":2},"end":{"line":55,"column":4}},"13":{"start":{"line":58,"column":0},"end":{"line":58,"column":19}}},"fnMap":{"0":{"name":"(anonymous_9)","decl":{"start":{"line":13,"column":2},"end":{"line":13,"column":5}},"loc":{"start":{"line":13,"column":7},"end":{"line":13,"column":57}}},"1":{"name":"(anonymous_10)","decl":{"start":{"line":13,"column":7},"end":{"line":13,"column":15}},"loc":{"start":{"line":13,"column":7},"end":{"line":13,"column":57}}},"2":{"name":"App","decl":{"start":{"line":16,"column":9},"end":{"line":16,"column":12}},"loc":{"start":{"line":16,"column":12},"end":{"line":56,"column":1}}}},"branchMap":{},"s":{"0":0,"1":0,"2":0,"3":0,"4":0,"5":0,"6":0,"7":0,"8":0,"9":0,"10":0,"11":0,"12":0,"13":0},"f":{"0":0,"1":0,"2":0},"b":{}}
,"C:\\Users\\User\\Desktop\\eventhub\\eventhub_frontend\\src\\modules\\analytics\\api\\analyticsApi.ts": {"path":"C:\\Users\\User\\Desktop\\eventhub\\eventhub_frontend\\src\\modules\\analytics\\api\\analyticsApi.ts","statementMap":{"0":{"start":{"line":1,"column":0},"end":{"line":1,"column":50}},"1":{"start":{"line":3,"column":31},"end":{"line":20,"column":1}},"2":{"start":{"line":7,"column":2},"end":{"line":19,"column":3}},"3":{"start":{"line":8,"column":4},"end":{"line":16,"column":6}},"4":{"start":{"line":18,"column":4},"end":{"line":18,"column":56}},"5":{"start":{"line":3,"column":13},"end":{"line":3,"column":31}}},"fnMap":{"0":{"name":"(anonymous_0)","decl":{"start":{"line":3,"column":31},"end":{"line":3,"column":36}},"loc":{"start":{"line":6,"column":19},"end":{"line":20,"column":1}}}},"branchMap":{},"s":{"0":0,"1":0,"2":0,"3":0,"4":0,"5":0},"f":{"0":0},"b":{}}
,"C:\\Users\\User\\Desktop\\eventhub\\eventhub_frontend\\src\\modules\\analytics\\components\\EventsStatistics.tsx": {"path":"C:\\Users\\User\\Desktop\\eventhub\\eventhub_frontend\\src\\modules\\analytics\\components\\EventsStatistics.tsx","statementMap":{"0":{"start":{"line":2,"column":0},"end":{"line":2,"column":null}},"1":{"start":{"line":11,"column":0},"end":{"line":11,"column":55}},"2":{"start":{"line":23,"column":18},"end":{"line":27,"column":5}},"3":{"start":{"line":24,"column":2},"end":{"line":27,"column":5}},"4":{"start":{"line":24,"column":23},"end":{"line":27,"column":4}},"5":{"start":{"line":29,"column":65},"end":{"line":116,"column":1}},"6":{"start":{"line":37,"column":2},"end":{"line":43,"column":3}},"7":{"start":{"line":38,"column":4},"end":{"line":42,"column":6}},"8":{"start":{"line":45,"column":15},"end":{"line":45,"column":31}},"9":{"start":{"line":47,"column":2},"end":{"line":115,"column":4}},"10":{"start":{"line":67,"column":34},"end":{"line":67,"column":54}},"11":{"start":{"line":68,"column":39},"end":{"line":68,"column":61}},"12":{"start":{"line":88,"column":25},"end":{"line":88,"column":42}},"13":{"start":{"line":102,"column":25},"end":{"line":102,"column":38}},"14":{"start":{"line":29,"column":13},"end":{"line":29,"column":65}}},"fnMap":{"0":{"name":"(anonymous_0)","decl":{"start":{"line":23,"column":18},"end":{"line":23,"column":19}},"loc":{"start":{"line":24,"column":2},"end":{"line":27,"column":5}}},"1":{"name":"(anonymous_1)","decl":{"start":{"line":24,"column":12},"end":{"line":24,"column":13}},"loc":{"start":{"line":24,"column":23},"end":{"line":27,"column":4}}},"2":{"name":"(anonymous_2)","decl":{"start":{"line":29,"column":65},"end":{"line":29,"column":66}},"loc":{"start":{"line":36,"column":5},"end":{"line":116,"column":1}}},"3":{"name":"(anonymous_3)","decl":{"start":{"line":67,"column":23},"end":{"line":67,"column":24}},"loc":{"start":{"line":67,"column":34},"end":{"line":67,"column":54}}},"4":{"name":"(anonymous_4)","decl":{"start":{"line":68,"column":28},"end":{"line":68,"column":29}},"loc":{"start":{"line":68,"column":39},"end":{"line":68,"column":61}}},"5":{"name":"(anonymous_5)","decl":{"start":{"line":88,"column":19},"end":{"line":88,"column":22}},"loc":{"start":{"line":88,"column":25},"end":{"line":88,"column":42}}},"6":{"name":"(anonymous_6)","decl":{"start":{"line":102,"column":19},"end":{"line":102,"column":22}},"loc":{"start":{"line":102,"column":25},"end":{"line":102,"column":38}}}},"branchMap":{"0":{"loc":{"start":{"line":25,"column":10},"end":{"line":25,"column":43}},"type":"binary-expr","locations":[{"start":{"line":25,"column":10},"end":{"line":25,"column":20}},{"start":{"line":25,"column":24},"end":{"line":25,"column":43}}]},"1":{"loc":{"start":{"line":31,"column":2},"end":{"line":31,"column":17}},"type":"default-arg","locations":[{"start":{"line":31,"column":12},"end":{"line":31,"column":17}}]},"2":{"loc":{"start":{"line":37,"column":2},"end":{"line":43,"column":3}},"type":"if","locations":[{"start":{"line":37,"column":2},"end":{"line":43,"column":3}},{"start":{},"end":{}}]},"3":{"loc":{"start":{"line":37,"column":6},"end":{"line":37,"column":36}},"type":"binary-expr","locations":[{"start":{"line":37,"column":6},"end":{"line":37,"column":24}},{"start":{"line":37,"column":28},"end":{"line":37,"column":36}}]},"4":{"loc":{"start":{"line":67,"column":35},"end":{"line":67,"column":45}},"type":"binary-expr","locations":[{"start":{"line":67,"column":35},"end":{"line":67,"column":40}},{"start":{"line":67,"column":44},"end":{"line":67,"column":45}}]},"5":{"loc":{"start":{"line":87,"column":20},"end":{"line":87,"column":43}},"type":"binary-expr","locations":[{"start":{"line":87,"column":20},"end":{"line":87,"column":32}},{"start":{"line":87,"column":36},"end":{"line":87,"column":43}}]},"6":{"loc":{"start":{"line":93,"column":29},"end":{"line":93,"column":73}},"type":"cond-expr","locations":[{"start":{"line":93,"column":55},"end":{"line":93,"column":64}},{"start":{"line":93,"column":67},"end":{"line":93,"column":73}}]},"7":{"loc":{"start":{"line":93,"column":29},"end":{"line":93,"column":52}},"type":"binary-expr","locations":[{"start":{"line":93,"column":29},"end":{"line":93,"column":41}},{"start":{"line":93,"column":45},"end":{"line":93,"column":52}}]},"8":{"loc":{"start":{"line":94,"column":20},"end":{"line":94,"column":71}},"type":"cond-expr","locations":[{"start":{"line":94,"column":46},"end":{"line":94,"column":59}},{"start":{"line":94,"column":62},"end":{"line":94,"column":71}}]},"9":{"loc":{"start":{"line":94,"column":20},"end":{"line":94,"column":43}},"type":"binary-expr","locations":[{"start":{"line":94,"column":20},"end":{"line":94,"column":32}},{"start":{"line":94,"column":36},"end":{"line":94,"column":43}}]},"10":{"loc":{"start":{"line":101,"column":20},"end":{"line":101,"column":39}},"type":"binary-expr","locations":[{"start":{"line":101,"column":20},"end":{"line":101,"column":28}},{"start":{"line":101,"column":32},"end":{"line":101,"column":39}}]},"11":{"loc":{"start":{"line":107,"column":29},"end":{"line":107,"column":69}},"type":"cond-expr","locations":[{"start":{"line":107,"column":51},"end":{"line":107,"column":60}},{"start":{"line":107,"column":63},"end":{"line":107,"column":69}}]},"12":{"loc":{"start":{"line":107,"column":29},"end":{"line":107,"column":48}},"type":"binary-expr","locations":[{"start":{"line":107,"column":29},"end":{"line":107,"column":37}},{"start":{"line":107,"column":41},"end":{"line":107,"column":48}}]},"13":{"loc":{"start":{"line":108,"column":20},"end":{"line":108,"column":67}},"type":"cond-expr","locations":[{"start":{"line":108,"column":42},"end":{"line":108,"column":55}},{"start":{"line":108,"column":58},"end":{"line":108,"column":67}}]},"14":{"loc":{"start":{"line":108,"column":20},"end":{"line":108,"column":39}},"type":"binary-expr","locations":[{"start":{"line":108,"column":20},"end":{"line":108,"column":28}},{"start":{"line":108,"column":32},"end":{"line":108,"column":39}}]}},"s":{"0":0,"1":0,"2":0,"3":0,"4":0,"5":0,"6":0,"7":0,"8":0,"9":0,"10":0,"11":0,"12":0,"13":0,"14":0},"f":{"0":0,"1":0,"2":0,"3":0,"4":0,"5":0,"6":0},"b":{"0":[0,0],"1":[0],"2":[0,0],"3":[0,0],"4":[0,0],"5":[0,0],"6":[0,0],"7":[0,0],"8":[0,0],"9":[0,0],"10":[0,0],"11":[0,0],"12":[0,0],"13":[0,0],"14":[0,0]}}
,"C:\\Users\\User\\Desktop\\eventhub\\eventhub_frontend\\src\\modules\\analytics\\hooks\\useEventsStatistics.ts": {"path":"C:\\Users\\User\\Desktop\\eventhub\\eventhub_frontend\\src\\modules\\analytics\\hooks\\useEventsStatistics.ts","statementMap":{"0":{"start":{"line":1,"column":0},"end":{"line":1,"column":44}},"1":{"start":{"line":2,"column":0},"end":{"line":2,"column":50}},"2":{"start":{"line":15,"column":18},"end":{"line":15,"column":20}},"3":{"start":{"line":17,"column":35},"end":{"line":89,"column":1}},"4":{"start":{"line":18,"column":28},"end":{"line":18,"column":62}},"5":{"start":{"line":19,"column":32},"end":{"line":19,"column":47}},"6":{"start":{"line":20,"column":28},"end":{"line":20,"column":57}},"7":{"start":{"line":21,"column":38},"end":{"line":21,"column":67}},"8":{"start":{"line":22,"column":44},"end":{"line":22,"column":73}},"9":{"start":{"line":23,"column":40},"end":{"line":23,"column":71}},"10":{"start":{"line":25,"column":20},"end":{"line":61,"column":3}},"11":{"start":{"line":26,"column":4},"end":{"line":26,"column":21}},"12":{"start":{"line":27,"column":4},"end":{"line":27,"column":19}},"13":{"start":{"line":28,"column":4},"end":{"line":60,"column":5}},"14":{"start":{"line":29,"column":54},"end":{"line":29,"column":74}},"15":{"start":{"line":30,"column":6},"end":{"line":33,"column":7}},"16":{"start":{"line":31,"column":8},"end":{"line":31,"column":52}},"17":{"start":{"line":32,"column":8},"end":{"line":32,"column":38}},"18":{"start":{"line":34,"column":18},"end":{"line":34,"column":86}},"19":{"start":{"line":35,"column":19},"end":{"line":35,"column":33}},"20":{"start":{"line":37,"column":19},"end":{"line":37,"column":63}},"21":{"start":{"line":38,"column":6},"end":{"line":44,"column":8}},"22":{"start":{"line":39,"column":92},"end":{"line":43,"column":10}},"23":{"start":{"line":46,"column":19},"end":{"line":48,"column":14}},"24":{"start":{"line":49,"column":6},"end":{"line":49,"column":26}},"25":{"start":{"line":51,"column":6},"end":{"line":53,"column":7}},"26":{"start":{"line":52,"column":8},"end":{"line":52,"column":67}},"27":{"start":{"line":52,"column":33},"end":{"line":52,"column":65}},"28":{"start":{"line":54,"column":6},"end":{"line":54,"column":31}},"29":{"start":{"line":56,"column":6},"end":{"line":56,"column":25}},"30":{"start":{"line":57,"column":6},"end":{"line":57,"column":73}},"31":{"start":{"line":59,"column":6},"end":{"line":59,"column":24}},"32":{"start":{"line":63,"column":2},"end":{"line":65,"column":9}},"33":{"start":{"line":64,"column":4},"end":{"line":64,"column":25}},"34":{"start":{"line":67,"column":19},"end":{"line":70,"column":3}},"35":{"start":{"line":68,"column":4},"end":{"line":68,"column":28}},"36":{"start":{"line":68,"column":21},"end":{"line":68,"column":28}},"37":{"start":{"line":69,"column":4},"end":{"line":69,"column":46}},"38":{"start":{"line":72,"column":23},"end":{"line":78,"column":3}},"39":{"start":{"line":73,"column":4},"end":{"line":73,"column":41}},"40":{"start":{"line":73,"column":34},"end":{"line":73,"column":41}},"41":{"start":{"line":74,"column":17},"end":{"line":74,"column":41}},"42":{"start":{"line":75,"column":19},"end":{"line":75,"column":62}},"43":{"start":{"line":76,"column":4},"end":{"line":76,"column":25}},"44":{"start":{"line":77,"column":4},"end":{"line":77,"column":27}},"45":{"start":{"line":80,"column":2},"end":{"line":88,"column":4}},"46":{"start":{"line":17,"column":13},"end":{"line":17,"column":35}}},"fnMap":{"0":{"name":"(anonymous_0)","decl":{"start":{"line":17,"column":35},"end":{"line":17,"column":38}},"loc":{"start":{"line":17,"column":40},"end":{"line":89,"column":1}}},"1":{"name":"(anonymous_1)","decl":{"start":{"line":25,"column":20},"end":{"line":25,"column":25}},"loc":{"start":{"line":25,"column":91},"end":{"line":61,"column":3}}},"2":{"name":"(anonymous_2)","decl":{"start":{"line":39,"column":17},"end":{"line":39,"column":18}},"loc":{"start":{"line":39,"column":92},"end":{"line":43,"column":10}}},"3":{"name":"(anonymous_3)","decl":{"start":{"line":52,"column":23},"end":{"line":52,"column":24}},"loc":{"start":{"line":52,"column":33},"end":{"line":52,"column":65}}},"4":{"name":"(anonymous_4)","decl":{"start":{"line":63,"column":12},"end":{"line":63,"column":15}},"loc":{"start":{"line":63,"column":17},"end":{"line":65,"column":3}}},"5":{"name":"(anonymous_5)","decl":{"start":{"line":67,"column":19},"end":{"line":67,"column":22}},"loc":{"start":{"line":67,"column":24},"end":{"line":70,"column":3}}},"6":{"name":"(anonymous_6)","decl":{"start":{"line":72,"column":23},"end":{"line":72,"column":26}},"loc":{"start":{"line":72,"column":28},"end":{"line":78,"column":3}}}},"branchMap":{"0":{"loc":{"start":{"line":30,"column":6},"end":{"line":33,"column":7}},"type":"if","locations":[{"start":{"line":30,"column":6},"end":{"line":33,"column":7}},{"start":{},"end":{}}]},"1":{"loc":{"start":{"line":37,"column":19},"end":{"line":37,"column":63}},"type":"cond-expr","locations":[{"start":{"line":37,"column":48},"end":{"line":37,"column":58}},{"start":{"line":37,"column":61},"end":{"line":37,"column":63}}]},"2":{"loc":{"start":{"line":40,"column":19},"end":{"line":40,"column":35}},"type":"binary-expr","locations":[{"start":{"line":40,"column":19},"end":{"line":40,"column":29}},{"start":{"line":40,"column":33},"end":{"line":40,"column":35}}]},"3":{"loc":{"start":{"line":41,"column":17},"end":{"line":41,"column":35}},"type":"binary-expr","locations":[{"start":{"line":41,"column":17},"end":{"line":41,"column":27}},{"start":{"line":41,"column":31},"end":{"line":41,"column":35}}]},"4":{"loc":{"start":{"line":42,"column":22},"end":{"line":42,"column":79}},"type":"cond-expr","locations":[{"start":{"line":42,"column":60},"end":{"line":42,"column":75}},{"start":{"line":42,"column":78},"end":{"line":42,"column":79}}]},"5":{"loc":{"start":{"line":46,"column":19},"end":{"line":48,"column":14}},"type":"cond-expr","locations":[{"start":{"line":47,"column":10},"end":{"line":47,"column":90}},{"start":{"line":48,"column":10},"end":{"line":48,"column":14}}]},"6":{"loc":{"start":{"line":46,"column":19},"end":{"line":46,"column":78}},"type":"binary-expr","locations":[{"start":{"line":46,"column":19},"end":{"line":46,"column":50}},{"start":{"line":46,"column":54},"end":{"line":46,"column":78}}]},"7":{"loc":{"start":{"line":51,"column":6},"end":{"line":53,"column":7}},"type":"if","locations":[{"start":{"line":51,"column":6},"end":{"line":53,"column":7}},{"start":{},"end":{}}]},"8":{"loc":{"start":{"line":68,"column":4},"end":{"line":68,"column":28}},"type":"if","locations":[{"start":{"line":68,"column":4},"end":{"line":68,"column":28}},{"start":{},"end":{}}]},"9":{"loc":{"start":{"line":73,"column":4},"end":{"line":73,"column":41}},"type":"if","locations":[{"start":{"line":73,"column":4},"end":{"line":73,"column":41}},{"start":{},"end":{}}]},"10":{"loc":{"start":{"line":75,"column":19},"end":{"line":75,"column":62}},"type":"binary-expr","locations":[{"start":{"line":75,"column":19},"end":{"line":75,"column":54}},{"start":{"line":75,"column":58},"end":{"line":75,"column":62}}]}},"s":{"0":0,"1":0,"2":0,"3":0,"4":0,"5":0,"6":0,"7":0,"8":0,"9":0,"10":0,"11":0,"12":0,"13":0,"14":0,"15":0,"16":0,"17":0,"18":0,"19":0,"20":0,"21":0,"22":0,"23":0,"24":0,"25":0,"26":0,"27":0,"28":0,"29":0,"30":0,"31":0,"32":0,"33":0,"34":0,"35":0,"36":0,"37":0,"38":0,"39":0,"40":0,"41":0,"42":0,"43":0,"44":0,"45":0,"46":0},"f":{"0":0,"1":0,"2":0,"3":0,"4":0,"5":0,"6":0},"b":{"0":[0,0],"1":[0,0],"2":[0,0],"3":[0,0],"4":[0,0],"5":[0,0],"6":[0,0],"7":[0,0],"8":[0,0],"9":[0,0],"10":[0,0]}}
,"C:\\Users\\User\\Desktop\\eventhub\\eventhub_frontend\\src\\modules\\analytics\\pages\\DashboardPage.tsx": {"path":"C:\\Users\\User\\Desktop\\eventhub\\eventhub_frontend\\src\\modules\\analytics\\pages\\DashboardPage.tsx","statementMap":{"0":{"start":{"line":2,"column":0},"end":{"line":2,"column":73}},"1":{"start":{"line":3,"column":0},"end":{"line":3,"column":67}},"2":{"start":{"line":4,"column":0},"end":{"line":4,"column":66}},"3":{"start":{"line":6,"column":32},"end":{"line":47,"column":1}},"4":{"start":{"line":15,"column":6},"end":{"line":15,"column":27}},"5":{"start":{"line":17,"column":2},"end":{"line":46,"column":4}},"6":{"start":{"line":49,"column":0},"end":{"line":49,"column":29}}},"fnMap":{"0":{"name":"(anonymous_0)","decl":{"start":{"line":6,"column":32},"end":{"line":6,"column":35}},"loc":{"start":{"line":6,"column":37},"end":{"line":47,"column":1}}}},"branchMap":{"0":{"loc":{"start":{"line":23,"column":7},"end":{"line":26,"column":null}},"type":"binary-expr","locations":[{"start":{"line":23,"column":7},"end":{"line":23,"column":14}},{"start":{"line":23,"column":18},"end":{"line":23,"column":36}},{"start":{"line":24,"column":8},"end":{"line":25,"column":null}}]},"1":{"loc":{"start":{"line":29,"column":7},"end":{"line":32,"column":null}},"type":"binary-expr","locations":[{"start":{"line":29,"column":7},"end":{"line":29,"column":12}},{"start":{"line":30,"column":8},"end":{"line":31,"column":null}}]},"2":{"loc":{"start":{"line":35,"column":7},"end":{"line":43,"column":null}},"type":"binary-expr","locations":[{"start":{"line":35,"column":7},"end":{"line":35,"column":13}},{"start":{"line":36,"column":8},"end":{"line":42,"column":null}}]}},"s":{"0":0,"1":0,"2":0,"3":0,"4":0,"5":0,"6":0},"f":{"0":0},"b":{"0":[0,0,0],"1":[0,0],"2":[0,0]}}
,"C:\\Users\\User\\Desktop\\eventhub\\eventhub_frontend\\src\\modules\\app\\main.ts": {"path":"C:\\Users\\User\\Desktop\\eventhub\\eventhub_frontend\\src\\modules\\app\\main.ts","statementMap":{"0":{"start":{"line":2,"column":0},"end":{"line":2,"column":60}},"1":{"start":{"line":8,"column":4},"end":{"line":8,"column":49}},"2":{"start":{"line":9,"column":4},"end":{"line":9,"column":66}},"3":{"start":{"line":12,"column":4},"end":{"line":12,"column":14}},"4":{"start":{"line":4,"column":0},"end":{"line":4,"column":13}},"5":{"start":{"line":15,"column":13},"end":{"line":15,"column":29}}},"fnMap":{"0":{"name":"(anonymous_0)","decl":{"start":{"line":7,"column":2},"end":{"line":7,"column":null}},"loc":{"start":{"line":7,"column":2},"end":{"line":10,"column":3}}},"1":{"name":"(anonymous_1)","decl":{"start":{"line":11,"column":2},"end":{"line":11,"column":19}},"loc":{"start":{"line":11,"column":19},"end":{"line":13,"column":3}}}},"branchMap":{},"s":{"0":0,"1":0,"2":0,"3":0,"4":0,"5":0},"f":{"0":0,"1":0},"b":{}}
,"C:\\Users\\User\\Desktop\\eventhub\\eventhub_frontend\\src\\modules\\app\\components\\AppInitializer.tsx": {"path":"C:\\Users\\User\\Desktop\\eventhub\\eventhub_frontend\\src\\modules\\app\\components\\AppInitializer.tsx","statementMap":{"0":{"start":{"line":1,"column":0},"end":{"line":1,"column":42}},"1":{"start":{"line":2,"column":0},"end":{"line":2,"column":56}},"2":{"start":{"line":3,"column":0},"end":{"line":3,"column":51}},"3":{"start":{"line":5,"column":30},"end":{"line":17,"column":1}},"4":{"start":{"line":6,"column":19},"end":{"line":6,"column":35}},"5":{"start":{"line":7,"column":21},"end":{"line":7,"column":34}},"6":{"start":{"line":9,"column":2},"end":{"line":14,"column":17}},"7":{"start":{"line":10,"column":4},"end":{"line":13,"column":5}},"8":{"start":{"line":11,"column":6},"end":{"line":11,"column":32}},"9":{"start":{"line":12,"column":6},"end":{"line":12,"column":35}},"10":{"start":{"line":16,"column":2},"end":{"line":16,"column":14}},"11":{"start":{"line":5,"column":13},"end":{"line":5,"column":30}}},"fnMap":{"0":{"name":"(anonymous_0)","decl":{"start":{"line":5,"column":30},"end":{"line":5,"column":33}},"loc":{"start":{"line":5,"column":35},"end":{"line":17,"column":1}}},"1":{"name":"(anonymous_1)","decl":{"start":{"line":9,"column":12},"end":{"line":9,"column":15}},"loc":{"start":{"line":9,"column":17},"end":{"line":14,"column":3}}}},"branchMap":{"0":{"loc":{"start":{"line":10,"column":4},"end":{"line":13,"column":5}},"type":"if","locations":[{"start":{"line":10,"column":4},"end":{"line":13,"column":5}},{"start":{},"end":{}}]}},"s":{"0":0,"1":0,"2":0,"3":0,"4":0,"5":0,"6":0,"7":0,"8":0,"9":0,"10":0,"11":0},"f":{"0":0,"1":0},"b":{"0":[0,0]}}
,"C:\\Users\\User\\Desktop\\eventhub\\eventhub_frontend\\src\\modules\\app\\components\\AppWrapper.tsx": {"path":"C:\\Users\\User\\Desktop\\eventhub\\eventhub_frontend\\src\\modules\\app\\components\\AppWrapper.tsx","statementMap":{"0":{"start":{"line":2,"column":0},"end":{"line":2,"column":39}},"1":{"start":{"line":3,"column":0},"end":{"line":3,"column":30}},"2":{"start":{"line":5,"column":67},"end":{"line":9,"column":1}},"3":{"start":{"line":8,"column":2},"end":{"line":8,"column":59}},"4":{"start":{"line":5,"column":13},"end":{"line":5,"column":67}}},"fnMap":{"0":{"name":"(anonymous_0)","decl":{"start":{"line":5,"column":67},"end":{"line":5,"column":68}},"loc":{"start":{"line":7,"column":5},"end":{"line":9,"column":1}}}},"branchMap":{},"s":{"0":0,"1":0,"2":0,"3":0,"4":0},"f":{"0":0},"b":{}}
,"C:\\Users\\User\\Desktop\\eventhub\\eventhub_frontend\\src\\modules\\app\\components\\Layout.tsx": {"path":"C:\\Users\\User\\Desktop\\eventhub\\eventhub_frontend\\src\\modules\\app\\components\\Layout.tsx","statementMap":{"0":{"start":{"line":1,"column":0},"end":{"line":1,"column":55}},"1":{"start":{"line":2,"column":0},"end":{"line":2,"column":34}},"2":{"start":{"line":4,"column":63},"end":{"line":16,"column":1}},"3":{"start":{"line":7,"column":2},"end":{"line":15,"column":4}},"4":{"start":{"line":4,"column":13},"end":{"line":4,"column":63}}},"fnMap":{"0":{"name":"(anonymous_0)","decl":{"start":{"line":4,"column":63},"end":{"line":4,"column":64}},"loc":{"start":{"line":6,"column":5},"end":{"line":16,"column":1}}}},"branchMap":{},"s":{"0":0,"1":0,"2":0,"3":0,"4":0},"f":{"0":0},"b":{}}
,"C:\\Users\\User\\Desktop\\eventhub\\eventhub_frontend\\src\\modules\\app\\components\\Navbar.tsx": {"path":"C:\\Users\\User\\Desktop\\eventhub\\eventhub_frontend\\src\\modules\\app\\components\\Navbar.tsx","statementMap":{"0":{"start":{"line":2,"column":0},"end":{"line":2,"column":73}},"1":{"start":{"line":3,"column":0},"end":{"line":3,"column":40}},"2":{"start":{"line":4,"column":0},"end":{"line":4,"column":51}},"3":{"start":{"line":6,"column":32},"end":{"line":55,"column":1}},"4":{"start":{"line":7,"column":40},"end":{"line":7,"column":49}},"5":{"start":{"line":9,"column":2},"end":{"line":54,"column":4}},"6":{"start":{"line":6,"column":13},"end":{"line":6,"column":32}}},"fnMap":{"0":{"name":"(anonymous_0)","decl":{"start":{"line":6,"column":32},"end":{"line":6,"column":35}},"loc":{"start":{"line":6,"column":37},"end":{"line":55,"column":1}}}},"branchMap":{"0":{"loc":{"start":{"line":26,"column":11},"end":{"line":49,"column":null}},"type":"cond-expr","locations":[{"start":{"line":27,"column":12},"end":{"line":39,"column":null}},{"start":{"line":42,"column":12},"end":{"line":48,"column":null}}]}},"s":{"0":0,"1":0,"2":0,"3":0,"4":0,"5":0,"6":0},"f":{"0":0},"b":{"0":[0,0]}}
,"C:\\Users\\User\\Desktop\\eventhub\\eventhub_frontend\\src\\modules\\app\\components\\ProtectedRoute.tsx": {"path":"C:\\Users\\User\\Desktop\\eventhub\\eventhub_frontend\\src\\modules\\app\\components\\ProtectedRoute.tsx","statementMap":{"0":{"start":{"line":1,"column":0},"end":{"line":1,"column":44}},"1":{"start":{"line":2,"column":0},"end":{"line":2,"column":42}},"2":{"start":{"line":3,"column":0},"end":{"line":3,"column":54}},"3":{"start":{"line":4,"column":0},"end":{"line":4,"column":50}},"4":{"start":{"line":10,"column":61},"end":{"line":26,"column":1}},"5":{"start":{"line":11,"column":28},"end":{"line":11,"column":51}},"6":{"start":{"line":13,"column":2},"end":{"line":19,"column":3}},"7":{"start":{"line":14,"column":4},"end":{"line":18,"column":6}},"8":{"start":{"line":21,"column":2},"end":{"line":23,"column":3}},"9":{"start":{"line":22,"column":4},"end":{"line":22,"column":44}},"10":{"start":{"line":25,"column":2},"end":{"line":25,"column":25}},"11":{"start":{"line":10,"column":13},"end":{"line":10,"column":61}}},"fnMap":{"0":{"name":"(anonymous_0)","decl":{"start":{"line":10,"column":61},"end":{"line":10,"column":62}},"loc":{"start":{"line":10,"column":78},"end":{"line":26,"column":1}}}},"branchMap":{"0":{"loc":{"start":{"line":13,"column":2},"end":{"line":19,"column":3}},"type":"if","locations":[{"start":{"line":13,"column":2},"end":{"line":19,"column":3}},{"start":{},"end":{}}]},"1":{"loc":{"start":{"line":21,"column":2},"end":{"line":23,"column":3}},"type":"if","locations":[{"start":{"line":21,"column":2},"end":{"line":23,"column":3}},{"start":{},"end":{}}]}},"s":{"0":0,"1":0,"2":0,"3":0,"4":0,"5":0,"6":0,"7":0,"8":0,"9":0,"10":0,"11":0},"f":{"0":0},"b":{"0":[0,0],"1":[0,0]}}
,"C:\\Users\\User\\Desktop\\eventhub\\eventhub_frontend\\src\\modules\\auth\\authSlice.ts": {"path":"C:\\Users\\User\\Desktop\\eventhub\\eventhub_frontend\\src\\modules\\auth\\authSlice.ts","statementMap":{"0":{"start":{"line":1,"column":0},"end":{"line":1,"column":65}},"1":{"start":{"line":2,"column":0},"end":{"line":2,"column":49}},"2":{"start":{"line":14,"column":13},"end":{"line":27,"column":2}},"3":{"start":{"line":17,"column":4},"end":{"line":25,"column":5}},"4":{"start":{"line":18,"column":21},"end":{"line":18,"column":53}},"5":{"start":{"line":19,"column":6},"end":{"line":19,"column":25}},"6":{"start":{"line":21,"column":6},"end":{"line":23,"column":7}},"7":{"start":{"line":22,"column":8},"end":{"line":22,"column":46}},"8":{"start":{"line":24,"column":6},"end":{"line":24,"column":80}},"9":{"start":{"line":29,"column":13},"end":{"line":43,"column":3}},"10":{"start":{"line":34,"column":2},"end":{"line":42,"column":3}},"11":{"start":{"line":35,"column":19},"end":{"line":35,"column":57}},"12":{"start":{"line":36,"column":4},"end":{"line":36,"column":18}},"13":{"start":{"line":38,"column":4},"end":{"line":40,"column":5}},"14":{"start":{"line":39,"column":6},"end":{"line":39,"column":44}},"15":{"start":{"line":41,"column":4},"end":{"line":41,"column":58}},"16":{"start":{"line":45,"column":13},"end":{"line":59,"column":3}},"17":{"start":{"line":50,"column":2},"end":{"line":58,"column":3}},"18":{"start":{"line":51,"column":19},"end":{"line":51,"column":60}},"19":{"start":{"line":52,"column":4},"end":{"line":52,"column":23}},"20":{"start":{"line":54,"column":4},"end":{"line":56,"column":5}},"21":{"start":{"line":55,"column":6},"end":{"line":55,"column":44}},"22":{"start":{"line":57,"column":4},"end":{"line":57,"column":65}},"23":{"start":{"line":61,"column":13},"end":{"line":77,"column":3}},"24":{"start":{"line":66,"column":2},"end":{"line":76,"column":3}},"25":{"start":{"line":67,"column":19},"end":{"line":67,"column":57}},"26":{"start":{"line":68,"column":4},"end":{"line":68,"column":23}},"27":{"start":{"line":70,"column":4},"end":{"line":72,"column":5}},"28":{"start":{"line":71,"column":6},"end":{"line":71,"column":44}},"29":{"start":{"line":73,"column":4},"end":{"line":75,"column":6}},"30":{"start":{"line":79,"column":13},"end":{"line":81,"column":3}},"31":{"start":{"line":80,"column":2},"end":{"line":80,"column":27}},"32":{"start":{"line":90,"column":32},"end":{"line":95,"column":2}},"33":{"start":{"line":97,"column":18},"end":{"line":190,"column":2}},"34":{"start":{"line":102,"column":6},"end":{"line":102,"column":31}},"35":{"start":{"line":103,"column":6},"end":{"line":103,"column":25}},"36":{"start":{"line":106,"column":6},"end":{"line":106,"column":25}},"37":{"start":{"line":110,"column":4},"end":{"line":113,"column":7}},"38":{"start":{"line":111,"column":6},"end":{"line":111,"column":27}},"39":{"start":{"line":112,"column":6},"end":{"line":112,"column":25}},"40":{"start":{"line":114,"column":4},"end":{"line":117,"column":7}},"41":{"start":{"line":115,"column":6},"end":{"line":115,"column":28}},"42":{"start":{"line":116,"column":6},"end":{"line":116,"column":34}},"43":{"start":{"line":118,"column":4},"end":{"line":123,"column":7}},"44":{"start":{"line":119,"column":6},"end":{"line":119,"column":28}},"45":{"start":{"line":120,"column":6},"end":{"line":122,"column":58}},"46":{"start":{"line":125,"column":4},"end":{"line":129,"column":7}},"47":{"start":{"line":126,"column":6},"end":{"line":126,"column":27}},"48":{"start":{"line":127,"column":6},"end":{"line":127,"column":25}},"49":{"start":{"line":128,"column":6},"end":{"line":128,"column":31}},"50":{"start":{"line":130,"column":4},"end":{"line":139,"column":7}},"51":{"start":{"line":131,"column":6},"end":{"line":131,"column":28}},"52":{"start":{"line":132,"column":6},"end":{"line":138,"column":7}},"53":{"start":{"line":133,"column":8},"end":{"line":133,"column":32}},"54":{"start":{"line":134,"column":8},"end":{"line":134,"column":26}},"55":{"start":{"line":135,"column":13},"end":{"line":138,"column":7}},"56":{"start":{"line":136,"column":8},"end":{"line":136,"column":41}},"57":{"start":{"line":137,"column":8},"end":{"line":137,"column":33}},"58":{"start":{"line":140,"column":4},"end":{"line":144,"column":7}},"59":{"start":{"line":141,"column":6},"end":{"line":141,"column":28}},"60":{"start":{"line":142,"column":6},"end":{"line":142,"column":80}},"61":{"start":{"line":143,"column":6},"end":{"line":143,"column":31}},"62":{"start":{"line":146,"column":4},"end":{"line":149,"column":7}},"63":{"start":{"line":147,"column":6},"end":{"line":147,"column":27}},"64":{"start":{"line":148,"column":6},"end":{"line":148,"column":25}},"65":{"start":{"line":150,"column":4},"end":{"line":154,"column":7}},"66":{"start":{"line":151,"column":6},"end":{"line":151,"column":28}},"67":{"start":{"line":152,"column":6},"end":{"line":152,"column":34}},"68":{"start":{"line":153,"column":6},"end":{"line":153,"column":31}},"69":{"start":{"line":155,"column":4},"end":{"line":159,"column":7}},"70":{"start":{"line":156,"column":6},"end":{"line":156,"column":28}},"71":{"start":{"line":157,"column":6},"end":{"line":158,"column":75}},"72":{"start":{"line":161,"column":4},"end":{"line":164,"column":7}},"73":{"start":{"line":162,"column":6},"end":{"line":162,"column":27}},"74":{"start":{"line":163,"column":6},"end":{"line":163,"column":25}},"75":{"start":{"line":165,"column":4},"end":{"line":169,"column":7}},"76":{"start":{"line":166,"column":6},"end":{"line":166,"column":28}},"77":{"start":{"line":167,"column":6},"end":{"line":167,"column":34}},"78":{"start":{"line":168,"column":6},"end":{"line":168,"column":31}},"79":{"start":{"line":170,"column":4},"end":{"line":175,"column":7}},"80":{"start":{"line":171,"column":6},"end":{"line":171,"column":28}},"81":{"start":{"line":172,"column":6},"end":{"line":174,"column":61}},"82":{"start":{"line":177,"column":4},"end":{"line":180,"column":7}},"83":{"start":{"line":178,"column":6},"end":{"line":178,"column":27}},"84":{"start":{"line":179,"column":6},"end":{"line":179,"column":25}},"85":{"start":{"line":181,"column":4},"end":{"line":185,"column":7}},"86":{"start":{"line":182,"column":6},"end":{"line":182,"column":28}},"87":{"start":{"line":183,"column":6},"end":{"line":183,"column":24}},"88":{"start":{"line":184,"column":6},"end":{"line":184,"column":31}},"89":{"start":{"line":186,"column":4},"end":{"line":188,"column":7}},"90":{"start":{"line":187,"column":6},"end":{"line":187,"column":28}},"91":{"start":{"line":192,"column":13},"end":{"line":192,"column":47}},"92":{"start":{"line":194,"column":0},"end":{"line":194,"column":33}},"93":{"start":{"line":196,"column":26},"end":{"line":196,"column":58}},"94":{"start":{"line":196,"column":48},"end":{"line":196,"column":58}},"95":{"start":{"line":196,"column":13},"end":{"line":196,"column":26}}},"fnMap":{"0":{"name":"(anonymous_0)","decl":{"start":{"line":16,"column":2},"end":{"line":16,"column":7}},"loc":{"start":{"line":16,"column":35},"end":{"line":26,"column":3}}},"1":{"name":"(anonymous_1)","decl":{"start":{"line":33,"column":17},"end":{"line":33,"column":22}},"loc":{"start":{"line":33,"column":68},"end":{"line":43,"column":1}}},"2":{"name":"(anonymous_2)","decl":{"start":{"line":49,"column":30},"end":{"line":49,"column":35}},"loc":{"start":{"line":49,"column":66},"end":{"line":59,"column":1}}},"3":{"name":"(anonymous_3)","decl":{"start":{"line":65,"column":27},"end":{"line":65,"column":32}},"loc":{"start":{"line":65,"column":63},"end":{"line":77,"column":1}}},"4":{"name":"(anonymous_4)","decl":{"start":{"line":79,"column":56},"end":{"line":79,"column":61}},"loc":{"start":{"line":79,"column":67},"end":{"line":81,"column":1}}},"5":{"name":"(anonymous_5)","decl":{"start":{"line":101,"column":4},"end":{"line":101,"column":19}},"loc":{"start":{"line":101,"column":25},"end":{"line":104,"column":5}}},"6":{"name":"(anonymous_6)","decl":{"start":{"line":105,"column":4},"end":{"line":105,"column":14}},"loc":{"start":{"line":105,"column":20},"end":{"line":107,"column":5}}},"7":{"name":"(anonymous_7)","decl":{"start":{"line":109,"column":17},"end":{"line":109,"column":18}},"loc":{"start":{"line":109,"column":29},"end":{"line":189,"column":3}}},"8":{"name":"(anonymous_8)","decl":{"start":{"line":110,"column":46},"end":{"line":110,"column":47}},"loc":{"start":{"line":110,"column":56},"end":{"line":113,"column":5}}},"9":{"name":"(anonymous_9)","decl":{"start":{"line":114,"column":48},"end":{"line":114,"column":49}},"loc":{"start":{"line":114,"column":66},"end":{"line":117,"column":5}}},"10":{"name":"(anonymous_10)","decl":{"start":{"line":118,"column":47},"end":{"line":118,"column":48}},"loc":{"start":{"line":118,"column":65},"end":{"line":123,"column":5}}},"11":{"name":"(anonymous_11)","decl":{"start":{"line":125,"column":36},"end":{"line":125,"column":37}},"loc":{"start":{"line":125,"column":46},"end":{"line":129,"column":5}}},"12":{"name":"(anonymous_12)","decl":{"start":{"line":130,"column":38},"end":{"line":130,"column":39}},"loc":{"start":{"line":130,"column":56},"end":{"line":139,"column":5}}},"13":{"name":"(anonymous_13)","decl":{"start":{"line":140,"column":37},"end":{"line":140,"column":38}},"loc":{"start":{"line":140,"column":55},"end":{"line":144,"column":5}}},"14":{"name":"(anonymous_14)","decl":{"start":{"line":146,"column":49},"end":{"line":146,"column":50}},"loc":{"start":{"line":146,"column":59},"end":{"line":149,"column":5}}},"15":{"name":"(anonymous_15)","decl":{"start":{"line":150,"column":51},"end":{"line":150,"column":52}},"loc":{"start":{"line":150,"column":69},"end":{"line":154,"column":5}}},"16":{"name":"(anonymous_16)","decl":{"start":{"line":155,"column":50},"end":{"line":155,"column":51}},"loc":{"start":{"line":155,"column":68},"end":{"line":159,"column":5}}},"17":{"name":"(anonymous_17)","decl":{"start":{"line":161,"column":46},"end":{"line":161,"column":47}},"loc":{"start":{"line":161,"column":56},"end":{"line":164,"column":5}}},"18":{"name":"(anonymous_18)","decl":{"start":{"line":165,"column":48},"end":{"line":165,"column":49}},"loc":{"start":{"line":165,"column":66},"end":{"line":169,"column":5}}},"19":{"name":"(anonymous_19)","decl":{"start":{"line":170,"column":47},"end":{"line":170,"column":48}},"loc":{"start":{"line":170,"column":65},"end":{"line":175,"column":5}}},"20":{"name":"(anonymous_20)","decl":{"start":{"line":177,"column":37},"end":{"line":177,"column":38}},"loc":{"start":{"line":177,"column":47},"end":{"line":180,"column":5}}},"21":{"name":"(anonymous_21)","decl":{"start":{"line":181,"column":39},"end":{"line":181,"column":40}},"loc":{"start":{"line":181,"column":49},"end":{"line":185,"column":5}}},"22":{"name":"(anonymous_22)","decl":{"start":{"line":186,"column":38},"end":{"line":186,"column":39}},"loc":{"start":{"line":186,"column":48},"end":{"line":188,"column":5}}},"23":{"name":"(anonymous_23)","decl":{"start":{"line":196,"column":26},"end":{"line":196,"column":27}},"loc":{"start":{"line":196,"column":48},"end":{"line":196,"column":58}}}},"branchMap":{"0":{"loc":{"start":{"line":21,"column":6},"end":{"line":23,"column":7}},"type":"if","locations":[{"start":{"line":21,"column":6},"end":{"line":23,"column":7}},{"start":{},"end":{}}]},"1":{"loc":{"start":{"line":38,"column":4},"end":{"line":40,"column":5}},"type":"if","locations":[{"start":{"line":38,"column":4},"end":{"line":40,"column":5}},{"start":{},"end":{}}]},"2":{"loc":{"start":{"line":54,"column":4},"end":{"line":56,"column":5}},"type":"if","locations":[{"start":{"line":54,"column":4},"end":{"line":56,"column":5}},{"start":{},"end":{}}]},"3":{"loc":{"start":{"line":70,"column":4},"end":{"line":72,"column":5}},"type":"if","locations":[{"start":{"line":70,"column":4},"end":{"line":72,"column":5}},{"start":{},"end":{}}]},"4":{"loc":{"start":{"line":121,"column":9},"end":{"line":122,"column":57}},"type":"binary-expr","locations":[{"start":{"line":121,"column":9},"end":{"line":121,"column":34}},{"start":{"line":122,"column":8},"end":{"line":122,"column":57}}]},"5":{"loc":{"start":{"line":132,"column":6},"end":{"line":138,"column":7}},"type":"if","locations":[{"start":{"line":132,"column":6},"end":{"line":138,"column":7}},{"start":{"line":135,"column":13},"end":{"line":138,"column":7}}]},"6":{"loc":{"start":{"line":132,"column":10},"end":{"line":132,"column":65}},"type":"binary-expr","locations":[{"start":{"line":132,"column":10},"end":{"line":132,"column":24}},{"start":{"line":132,"column":28},"end":{"line":132,"column":65}}]},"7":{"loc":{"start":{"line":135,"column":13},"end":{"line":138,"column":7}},"type":"if","locations":[{"start":{"line":135,"column":13},"end":{"line":138,"column":7}},{"start":{},"end":{}}]},"8":{"loc":{"start":{"line":135,"column":17},"end":{"line":135,"column":59}},"type":"binary-expr","locations":[{"start":{"line":135,"column":17},"end":{"line":135,"column":31}},{"start":{"line":135,"column":35},"end":{"line":135,"column":59}}]},"9":{"loc":{"start":{"line":142,"column":21},"end":{"line":142,"column":79}},"type":"binary-expr","locations":[{"start":{"line":142,"column":21},"end":{"line":142,"column":46}},{"start":{"line":142,"column":50},"end":{"line":142,"column":79}}]},"10":{"loc":{"start":{"line":158,"column":9},"end":{"line":158,"column":74}},"type":"binary-expr","locations":[{"start":{"line":158,"column":9},"end":{"line":158,"column":34}},{"start":{"line":158,"column":38},"end":{"line":158,"column":74}}]},"11":{"loc":{"start":{"line":173,"column":9},"end":{"line":174,"column":60}},"type":"binary-expr","locations":[{"start":{"line":173,"column":9},"end":{"line":173,"column":34}},{"start":{"line":174,"column":8},"end":{"line":174,"column":60}}]}},"s":{"0":3,"1":3,"2":3,"3":1,"4":1,"5":1,"6":0,"7":0,"8":0,"9":3,"10":3,"11":3,"12":1,"13":2,"14":2,"15":0,"16":3,"17":0,"18":0,"19":0,"20":0,"21":0,"22":0,"23":3,"24":0,"25":0,"26":0,"27":0,"28":0,"29":0,"30":3,"31":0,"32":3,"33":3,"34":0,"35":0,"36":0,"37":3,"38":1,"39":1,"40":3,"41":1,"42":1,"43":3,"44":0,"45":0,"46":3,"47":3,"48":3,"49":3,"50":3,"51":1,"52":1,"53":0,"54":0,"55":1,"56":1,"57":1,"58":3,"59":2,"60":2,"61":2,"62":3,"63":0,"64":0,"65":3,"66":0,"67":0,"68":0,"69":3,"70":0,"71":0,"72":3,"73":0,"74":0,"75":3,"76":0,"77":0,"78":0,"79":3,"80":0,"81":0,"82":3,"83":0,"84":0,"85":3,"86":0,"87":0,"88":0,"89":3,"90":0,"91":3,"92":3,"93":3,"94":38,"95":3},"f":{"0":1,"1":3,"2":0,"3":0,"4":0,"5":0,"6":0,"7":3,"8":1,"9":1,"10":0,"11":3,"12":1,"13":2,"14":0,"15":0,"16":0,"17":0,"18":0,"19":0,"20":0,"21":0,"22":0,"23":38},"b":{"0":[0,0],"1":[2,0],"2":[0,0],"3":[0,0],"4":[0,0],"5":[0,1],"6":[1,1],"7":[1,0],"8":[1,1],"9":[2,0],"10":[0,0],"11":[0,0]}}
,"C:\\Users\\User\\Desktop\\eventhub\\eventhub_frontend\\src\\modules\\auth\\components\\LoginForm.tsx": {"path":"C:\\Users\\User\\Desktop\\eventhub\\eventhub_frontend\\src\\modules\\auth\\components\\LoginForm.tsx","statementMap":{"0":{"start":{"line":2,"column":0},"end":{"line":2,"column":null}},"1":{"start":{"line":10,"column":0},"end":{"line":10,"column":45}},"2":{"start":{"line":11,"column":0},"end":{"line":11,"column":51}},"3":{"start":{"line":12,"column":0},"end":{"line":12,"column":42}},"4":{"start":{"line":14,"column":35},"end":{"line":219,"column":1}},"5":{"start":{"line":15,"column":19},"end":{"line":15,"column":35}},"6":{"start":{"line":33,"column":6},"end":{"line":33,"column":16}},"7":{"start":{"line":35,"column":27},"end":{"line":37,"column":3}},"8":{"start":{"line":36,"column":4},"end":{"line":36,"column":27}},"9":{"start":{"line":39,"column":2},"end":{"line":218,"column":4}},"10":{"start":{"line":77,"column":29},"end":{"line":77,"column":66}},"11":{"start":{"line":87,"column":29},"end":{"line":87,"column":69}},"12":{"start":{"line":118,"column":33},"end":{"line":118,"column":96}},"13":{"start":{"line":167,"column":32},"end":{"line":170,"column":33}},"14":{"start":{"line":171,"column":34},"end":{"line":171,"column":57}},"15":{"start":{"line":172,"column":18},"end":{"line":174,"column":19}},"16":{"start":{"line":173,"column":20},"end":{"line":173,"column":85}},"17":{"start":{"line":175,"column":18},"end":{"line":175,"column":46}},"18":{"start":{"line":14,"column":13},"end":{"line":14,"column":35}}},"fnMap":{"0":{"name":"(anonymous_0)","decl":{"start":{"line":14,"column":35},"end":{"line":14,"column":38}},"loc":{"start":{"line":14,"column":40},"end":{"line":219,"column":1}}},"1":{"name":"(anonymous_1)","decl":{"start":{"line":35,"column":27},"end":{"line":35,"column":30}},"loc":{"start":{"line":35,"column":32},"end":{"line":37,"column":3}}},"2":{"name":"(anonymous_2)","decl":{"start":{"line":77,"column":22},"end":{"line":77,"column":23}},"loc":{"start":{"line":77,"column":29},"end":{"line":77,"column":66}}},"3":{"name":"(anonymous_3)","decl":{"start":{"line":87,"column":22},"end":{"line":87,"column":23}},"loc":{"start":{"line":87,"column":29},"end":{"line":87,"column":69}}},"4":{"name":"(anonymous_4)","decl":{"start":{"line":118,"column":26},"end":{"line":118,"column":27}},"loc":{"start":{"line":118,"column":33},"end":{"line":118,"column":96}}},"5":{"name":"(anonymous_5)","decl":{"start":{"line":166,"column":26},"end":{"line":166,"column":27}},"loc":{"start":{"line":166,"column":32},"end":{"line":176,"column":17}}}},"branchMap":{"0":{"loc":{"start":{"line":43,"column":8},"end":{"line":47,"column":36}},"type":"cond-expr","locations":[{"start":{"line":44,"column":12},"end":{"line":44,"column":24}},{"start":{"line":45,"column":12},"end":{"line":47,"column":36}}]},"1":{"loc":{"start":{"line":45,"column":12},"end":{"line":47,"column":36}},"type":"cond-expr","locations":[{"start":{"line":46,"column":14},"end":{"line":46,"column":35}},{"start":{"line":47,"column":14},"end":{"line":47,"column":36}}]},"2":{"loc":{"start":{"line":58,"column":9},"end":{"line":58,"column":77}},"type":"cond-expr","locations":[{"start":{"line":58,"column":34},"end":{"line":58,"column":45}},{"start":{"line":58,"column":48},"end":{"line":58,"column":77}}]},"3":{"loc":{"start":{"line":61,"column":7},"end":{"line":64,"column":null}},"type":"binary-expr","locations":[{"start":{"line":61,"column":7},"end":{"line":61,"column":18}},{"start":{"line":62,"column":8},"end":{"line":63,"column":null}}]},"4":{"loc":{"start":{"line":67,"column":7},"end":{"line":68,"column":null}},"type":"binary-expr","locations":[{"start":{"line":67,"column":7},"end":{"line":67,"column":20}},{"start":{"line":67,"column":24},"end":{"line":67,"column":46}},{"start":{"line":68,"column":8},"end":{"line":68,"column":61}}]},"5":{"loc":{"start":{"line":71,"column":7},"end":{"line":215,"column":null}},"type":"cond-expr","locations":[{"start":{"line":72,"column":8},"end":{"line":101,"column":null}},{"start":{"line":104,"column":8},"end":{"line":214,"column":null}}]},"6":{"loc":{"start":{"line":97,"column":22},"end":{"line":97,"column":51}},"type":"binary-expr","locations":[{"start":{"line":97,"column":22},"end":{"line":97,"column":34}},{"start":{"line":97,"column":38},"end":{"line":97,"column":51}}]},"7":{"loc":{"start":{"line":100,"column":13},"end":{"line":100,"column":76}},"type":"cond-expr","locations":[{"start":{"line":100,"column":29},"end":{"line":100,"column":59}},{"start":{"line":100,"column":62},"end":{"line":100,"column":76}}]},"8":{"loc":{"start":{"line":105,"column":11},"end":{"line":213,"column":null}},"type":"cond-expr","locations":[{"start":{"line":106,"column":12},"end":{"line":153,"column":null}},{"start":{"line":156,"column":12},"end":{"line":212,"column":null}}]},"9":{"loc":{"start":{"line":128,"column":26},"end":{"line":128,"column":64}},"type":"binary-expr","locations":[{"start":{"line":128,"column":26},"end":{"line":128,"column":47}},{"start":{"line":128,"column":51},"end":{"line":128,"column":64}}]},"10":{"loc":{"start":{"line":131,"column":17},"end":{"line":131,"column":84}},"type":"cond-expr","locations":[{"start":{"line":131,"column":33},"end":{"line":131,"column":63}},{"start":{"line":131,"column":66},"end":{"line":131,"column":84}}]},"11":{"loc":{"start":{"line":172,"column":18},"end":{"line":174,"column":19}},"type":"if","locations":[{"start":{"line":172,"column":18},"end":{"line":174,"column":19}},{"start":{},"end":{}}]},"12":{"loc":{"start":{"line":187,"column":26},"end":{"line":187,"column":61}},"type":"binary-expr","locations":[{"start":{"line":187,"column":26},"end":{"line":187,"column":44}},{"start":{"line":187,"column":48},"end":{"line":187,"column":61}}]},"13":{"loc":{"start":{"line":190,"column":17},"end":{"line":190,"column":84}},"type":"cond-expr","locations":[{"start":{"line":190,"column":33},"end":{"line":190,"column":63}},{"start":{"line":190,"column":66},"end":{"line":190,"column":84}}]}},"s":{"0":1,"1":1,"2":1,"3":1,"4":1,"5":191,"6":191,"7":191,"8":0,"9":191,"10":112,"11":54,"12":0,"13":0,"14":0,"15":0,"16":0,"17":0,"18":1},"f":{"0":191,"1":0,"2":112,"3":54,"4":0,"5":0},"b":{"0":[191,0],"1":[0,0],"2":[191,0],"3":[191,3],"4":[191,2,2],"5":[191,0],"6":[191,53],"7":[4,187],"8":[0,0],"9":[0,0],"10":[0,0],"11":[0,0],"12":[0,0],"13":[0,0]}}
,"C:\\Users\\User\\Desktop\\eventhub\\eventhub_frontend\\src\\modules\\auth\\components\\PasswordCriteriaList.tsx": {"path":"C:\\Users\\User\\Desktop\\eventhub\\eventhub_frontend\\src\\modules\\auth\\components\\PasswordCriteriaList.tsx","statementMap":{"0":{"start":{"line":2,"column":0},"end":{"line":2,"column":null}},"1":{"start":{"line":10,"column":0},"end":{"line":10,"column":58}},"2":{"start":{"line":17,"column":73},"end":{"line":79,"column":1}},"3":{"start":{"line":20,"column":2},"end":{"line":78,"column":4}},"4":{"start":{"line":17,"column":13},"end":{"line":17,"column":73}}},"fnMap":{"0":{"name":"(anonymous_0)","decl":{"start":{"line":17,"column":73},"end":{"line":17,"column":74}},"loc":{"start":{"line":19,"column":5},"end":{"line":79,"column":1}}}},"branchMap":{"0":{"loc":{"start":{"line":28,"column":13},"end":{"line":31,"column":null}},"type":"cond-expr","locations":[{"start":{"line":29,"column":14},"end":{"line":29,"column":45}},{"start":{"line":31,"column":14},"end":{"line":31,"column":38}}]},"1":{"loc":{"start":{"line":38,"column":13},"end":{"line":41,"column":null}},"type":"cond-expr","locations":[{"start":{"line":39,"column":14},"end":{"line":39,"column":45}},{"start":{"line":41,"column":14},"end":{"line":41,"column":38}}]},"2":{"loc":{"start":{"line":48,"column":13},"end":{"line":51,"column":null}},"type":"cond-expr","locations":[{"start":{"line":49,"column":14},"end":{"line":49,"column":45}},{"start":{"line":51,"column":14},"end":{"line":51,"column":38}}]},"3":{"loc":{"start":{"line":58,"column":13},"end":{"line":61,"column":null}},"type":"cond-expr","locations":[{"start":{"line":59,"column":14},"end":{"line":59,"column":45}},{"start":{"line":61,"column":14},"end":{"line":61,"column":38}}]},"4":{"loc":{"start":{"line":68,"column":13},"end":{"line":71,"column":null}},"type":"cond-expr","locations":[{"start":{"line":69,"column":14},"end":{"line":69,"column":45}},{"start":{"line":71,"column":14},"end":{"line":71,"column":38}}]}},"s":{"0":1,"1":1,"2":1,"3":95,"4":1},"f":{"0":95},"b":{"0":[25,70],"1":[74,21],"2":[90,5],"3":[19,76],"4":[7,88]}}
,"C:\\Users\\User\\Desktop\\eventhub\\eventhub_frontend\\src\\modules\\auth\\components\\RegisterForm.tsx": {"path":"C:\\Users\\User\\Desktop\\eventhub\\eventhub_frontend\\src\\modules\\auth\\components\\RegisterForm.tsx","statementMap":{"0":{"start":{"line":2,"column":0},"end":{"line":2,"column":null}},"1":{"start":{"line":10,"column":0},"end":{"line":10,"column":51}},"2":{"start":{"line":11,"column":0},"end":{"line":11,"column":66}},"3":{"start":{"line":12,"column":0},"end":{"line":12,"column":62}},"4":{"start":{"line":14,"column":38},"end":{"line":85,"column":1}},"5":{"start":{"line":16,"column":4},"end":{"line":16,"column":17}},"6":{"start":{"line":18,"column":27},"end":{"line":18,"column":77}},"7":{"start":{"line":20,"column":2},"end":{"line":84,"column":4}},"8":{"start":{"line":48,"column":25},"end":{"line":48,"column":62}},"9":{"start":{"line":58,"column":25},"end":{"line":58,"column":65}},"10":{"start":{"line":14,"column":13},"end":{"line":14,"column":38}}},"fnMap":{"0":{"name":"(anonymous_0)","decl":{"start":{"line":14,"column":38},"end":{"line":14,"column":41}},"loc":{"start":{"line":14,"column":43},"end":{"line":85,"column":1}}},"1":{"name":"(anonymous_1)","decl":{"start":{"line":37,"column":41},"end":{"line":37,"column":44}},"loc":{"start":{"line":37,"column":46},"end":{"line":37,"column":49}}},"2":{"name":"(anonymous_2)","decl":{"start":{"line":48,"column":18},"end":{"line":48,"column":19}},"loc":{"start":{"line":48,"column":25},"end":{"line":48,"column":62}}},"3":{"name":"(anonymous_3)","decl":{"start":{"line":58,"column":18},"end":{"line":58,"column":19}},"loc":{"start":{"line":58,"column":25},"end":{"line":58,"column":65}}}},"branchMap":{"0":{"loc":{"start":{"line":36,"column":7},"end":{"line":39,"column":null}},"type":"binary-expr","locations":[{"start":{"line":36,"column":7},"end":{"line":36,"column":18}},{"start":{"line":37,"column":8},"end":{"line":38,"column":null}}]},"1":{"loc":{"start":{"line":42,"column":7},"end":{"line":42,"column":79}},"type":"binary-expr","locations":[{"start":{"line":42,"column":7},"end":{"line":42,"column":20}},{"start":{"line":42,"column":24},"end":{"line":42,"column":79}}]},"2":{"loc":{"start":{"line":62,"column":15},"end":{"line":62,"column":74}},"type":"binary-expr","locations":[{"start":{"line":62,"column":15},"end":{"line":62,"column":46}},{"start":{"line":62,"column":50},"end":{"line":62,"column":74}}]},"3":{"loc":{"start":{"line":64,"column":10},"end":{"line":66,"column":16}},"type":"cond-expr","locations":[{"start":{"line":65,"column":14},"end":{"line":65,"column":37}},{"start":{"line":66,"column":14},"end":{"line":66,"column":16}}]},"4":{"loc":{"start":{"line":64,"column":10},"end":{"line":64,"column":69}},"type":"binary-expr","locations":[{"start":{"line":64,"column":10},"end":{"line":64,"column":34}},{"start":{"line":64,"column":38},"end":{"line":64,"column":69}}]},"5":{"loc":{"start":{"line":70,"column":7},"end":{"line":71,"column":null}},"type":"binary-expr","locations":[{"start":{"line":70,"column":7},"end":{"line":70,"column":31}},{"start":{"line":71,"column":8},"end":{"line":71,"column":60}}]},"6":{"loc":{"start":{"line":78,"column":18},"end":{"line":78,"column":49}},"type":"binary-expr","locations":[{"start":{"line":78,"column":18},"end":{"line":78,"column":32}},{"start":{"line":78,"column":36},"end":{"line":78,"column":49}}]},"7":{"loc":{"start":{"line":81,"column":9},"end":{"line":81,"column":70}},"type":"cond-expr","locations":[{"start":{"line":81,"column":25},"end":{"line":81,"column":55}},{"start":{"line":81,"column":58},"end":{"line":81,"column":70}}]}},"s":{"0":1,"1":1,"2":1,"3":1,"4":1,"5":268,"6":268,"7":268,"8":144,"9":91,"10":1},"f":{"0":268,"1":0,"2":144,"3":91},"b":{"0":[268,4],"1":[268,2],"2":[268,99],"3":[98,170],"4":[268,105],"5":[268,105],"6":[268,6],"7":[2,266]}}
,"C:\\Users\\User\\Desktop\\eventhub\\eventhub_frontend\\src\\modules\\auth\\components\\index.ts": {"path":"C:\\Users\\User\\Desktop\\eventhub\\eventhub_frontend\\src\\modules\\auth\\components\\index.ts","statementMap":{"0":{"start":{"line":1,"column":0},"end":{"line":1,"column":9}},"1":{"start":{"line":1,"column":9},"end":{"line":1,"column":40}},"2":{"start":{"line":2,"column":0},"end":{"line":2,"column":9}},"3":{"start":{"line":2,"column":9},"end":{"line":2,"column":46}},"4":{"start":{"line":3,"column":0},"end":{"line":3,"column":9}},"5":{"start":{"line":3,"column":9},"end":{"line":3,"column":62}}},"fnMap":{"0":{"name":"(anonymous_0)","decl":{"start":{"line":1,"column":9},"end":{"line":1,"column":18}},"loc":{"start":{"line":1,"column":9},"end":{"line":1,"column":40}}},"1":{"name":"(anonymous_1)","decl":{"start":{"line":2,"column":9},"end":{"line":2,"column":21}},"loc":{"start":{"line":2,"column":9},"end":{"line":2,"column":46}}},"2":{"name":"(anonymous_2)","decl":{"start":{"line":3,"column":9},"end":{"line":3,"column":29}},"loc":{"start":{"line":3,"column":9},"end":{"line":3,"column":62}}}},"branchMap":{},"s":{"0":0,"1":0,"2":0,"3":0,"4":0,"5":0},"f":{"0":0,"1":0,"2":0},"b":{}}
,"C:\\Users\\User\\Desktop\\eventhub\\eventhub_frontend\\src\\modules\\auth\\hooks\\index.ts": {"path":"C:\\Users\\User\\Desktop\\eventhub\\eventhub_frontend\\src\\modules\\auth\\hooks\\index.ts","statementMap":{"0":{"start":{"line":1,"column":0},"end":{"line":1,"column":9}},"1":{"start":{"line":1,"column":9},"end":{"line":1,"column":36}},"2":{"start":{"line":2,"column":0},"end":{"line":2,"column":9}},"3":{"start":{"line":2,"column":9},"end":{"line":2,"column":38}},"4":{"start":{"line":3,"column":0},"end":{"line":3,"column":9}},"5":{"start":{"line":3,"column":9},"end":{"line":3,"column":44}}},"fnMap":{"0":{"name":"(anonymous_0)","decl":{"start":{"line":1,"column":9},"end":{"line":1,"column":16}},"loc":{"start":{"line":1,"column":9},"end":{"line":1,"column":36}}},"1":{"name":"(anonymous_1)","decl":{"start":{"line":2,"column":9},"end":{"line":2,"column":17}},"loc":{"start":{"line":2,"column":9},"end":{"line":2,"column":38}}},"2":{"name":"(anonymous_2)","decl":{"start":{"line":3,"column":9},"end":{"line":3,"column":20}},"loc":{"start":{"line":3,"column":9},"end":{"line":3,"column":44}}}},"branchMap":{},"s":{"0":0,"1":0,"2":0,"3":0,"4":0,"5":0},"f":{"0":0,"1":0,"2":0},"b":{}}
,"C:\\Users\\User\\Desktop\\eventhub\\eventhub_frontend\\src\\modules\\auth\\hooks\\useAuth.ts": {"path":"C:\\Users\\User\\Desktop\\eventhub\\eventhub_frontend\\src\\modules\\auth\\hooks\\useAuth.ts","statementMap":{"0":{"start":{"line":1,"column":0},"end":{"line":1,"column":42}},"1":{"start":{"line":2,"column":0},"end":{"line":2,"column":47}},"2":{"start":{"line":3,"column":0},"end":{"line":3,"column":null}},"3":{"start":{"line":12,"column":0},"end":{"line":12,"column":51}},"4":{"start":{"line":26,"column":23},"end":{"line":76,"column":1}},"5":{"start":{"line":27,"column":47},"end":{"line":27,"column":70}},"6":{"start":{"line":28,"column":19},"end":{"line":28,"column":35}},"7":{"start":{"line":29,"column":19},"end":{"line":29,"column":32}},"8":{"start":{"line":31,"column":16},"end":{"line":38,"column":3}},"9":{"start":{"line":32,"column":19},"end":{"line":32,"column":71}},"10":{"start":{"line":33,"column":4},"end":{"line":35,"column":5}},"11":{"start":{"line":34,"column":6},"end":{"line":34,"column":13}},"12":{"start":{"line":36,"column":4},"end":{"line":36,"column":48}},"13":{"start":{"line":37,"column":4},"end":{"line":37,"column":25}},"14":{"start":{"line":40,"column":26},"end":{"line":44,"column":3}},"15":{"start":{"line":41,"column":4},"end":{"line":41,"column":55}},"16":{"start":{"line":42,"column":4},"end":{"line":42,"column":48}},"17":{"start":{"line":43,"column":4},"end":{"line":43,"column":25}},"18":{"start":{"line":46,"column":27},"end":{"line":50,"column":3}},"19":{"start":{"line":47,"column":4},"end":{"line":47,"column":57}},"20":{"start":{"line":48,"column":4},"end":{"line":48,"column":48}},"21":{"start":{"line":49,"column":4},"end":{"line":49,"column":25}},"22":{"start":{"line":52,"column":17},"end":{"line":55,"column":3}},"23":{"start":{"line":53,"column":4},"end":{"line":53,"column":39}},"24":{"start":{"line":54,"column":4},"end":{"line":54,"column":23}},"25":{"start":{"line":57,"column":18},"end":{"line":63,"column":3}},"26":{"start":{"line":58,"column":4},"end":{"line":62,"column":5}},"27":{"start":{"line":59,"column":6},"end":{"line":59,"column":50}},"28":{"start":{"line":65,"column":2},"end":{"line":75,"column":4}},"29":{"start":{"line":26,"column":13},"end":{"line":26,"column":23}}},"fnMap":{"0":{"name":"(anonymous_0)","decl":{"start":{"line":26,"column":23},"end":{"line":26,"column":37}},"loc":{"start":{"line":26,"column":39},"end":{"line":76,"column":1}}},"1":{"name":"(anonymous_1)","decl":{"start":{"line":31,"column":16},"end":{"line":31,"column":21}},"loc":{"start":{"line":31,"column":58},"end":{"line":38,"column":3}}},"2":{"name":"(anonymous_2)","decl":{"start":{"line":40,"column":26},"end":{"line":40,"column":31}},"loc":{"start":{"line":40,"column":49},"end":{"line":44,"column":3}}},"3":{"name":"(anonymous_3)","decl":{"start":{"line":46,"column":27},"end":{"line":46,"column":32}},"loc":{"start":{"line":46,"column":50},"end":{"line":50,"column":3}}},"4":{"name":"(anonymous_4)","decl":{"start":{"line":52,"column":17},"end":{"line":52,"column":22}},"loc":{"start":{"line":52,"column":28},"end":{"line":55,"column":3}}},"5":{"name":"(anonymous_5)","decl":{"start":{"line":57,"column":18},"end":{"line":57,"column":23}},"loc":{"start":{"line":57,"column":29},"end":{"line":63,"column":3}}}},"branchMap":{"0":{"loc":{"start":{"line":33,"column":4},"end":{"line":35,"column":5}},"type":"if","locations":[{"start":{"line":33,"column":4},"end":{"line":35,"column":5}},{"start":{},"end":{}}]},"1":{"loc":{"start":{"line":33,"column":8},"end":{"line":33,"column":47}},"type":"binary-expr","locations":[{"start":{"line":33,"column":8},"end":{"line":33,"column":14}},{"start":{"line":33,"column":18},"end":{"line":33,"column":47}}]}},"s":{"0":2,"1":2,"2":2,"3":2,"4":2,"5":194,"6":194,"7":194,"8":194,"9":3,"10":1,"11":0,"12":1,"13":1,"14":194,"15":0,"16":0,"17":0,"18":194,"19":0,"20":0,"21":0,"22":194,"23":0,"24":0,"25":194,"26":0,"27":0,"28":194,"29":2},"f":{"0":194,"1":3,"2":0,"3":0,"4":0,"5":0},"b":{"0":[0,1],"1":[1,1]}}
,"C:\\Users\\User\\Desktop\\eventhub\\eventhub_frontend\\src\\modules\\auth\\hooks\\useLogin.ts": {"path":"C:\\Users\\User\\Desktop\\eventhub\\eventhub_frontend\\src\\modules\\auth\\hooks\\useLogin.ts","statementMap":{"0":{"start":{"line":1,"column":0},"end":{"line":1,"column":46}},"1":{"start":{"line":2,"column":0},"end":{"line":2,"column":36}},"2":{"start":{"line":3,"column":0},"end":{"line":3,"column":53}},"3":{"start":{"line":4,"column":0},"end":{"line":4,"column":51}},"4":{"start":{"line":5,"column":0},"end":{"line":5,"column":47}},"5":{"start":{"line":12,"column":24},"end":{"line":109,"column":1}},"6":{"start":{"line":20,"column":6},"end":{"line":20,"column":15}},"7":{"start":{"line":21,"column":19},"end":{"line":21,"column":35}},"8":{"start":{"line":22,"column":44},"end":{"line":22,"column":56}},"9":{"start":{"line":23,"column":26},"end":{"line":23,"column":65}},"10":{"start":{"line":26,"column":4},"end":{"line":38,"column":6}},"11":{"start":{"line":29,"column":8},"end":{"line":31,"column":9}},"12":{"start":{"line":30,"column":10},"end":{"line":30,"column":52}},"13":{"start":{"line":32,"column":8},"end":{"line":32,"column":20}},"14":{"start":{"line":35,"column":8},"end":{"line":35,"column":51}},"15":{"start":{"line":40,"column":15},"end":{"line":40,"column":55}},"16":{"start":{"line":41,"column":22},"end":{"line":41,"column":71}},"17":{"start":{"line":43,"column":16},"end":{"line":43,"column":62}},"18":{"start":{"line":45,"column":32},"end":{"line":55,"column":null}},"19":{"start":{"line":47,"column":6},"end":{"line":47,"column":25}},"20":{"start":{"line":48,"column":6},"end":{"line":48,"column":40}},"21":{"start":{"line":48,"column":33},"end":{"line":48,"column":40}},"22":{"start":{"line":49,"column":6},"end":{"line":53,"column":7}},"23":{"start":{"line":50,"column":8},"end":{"line":50,"column":52}},"24":{"start":{"line":52,"column":8},"end":{"line":52,"column":27}},"25":{"start":{"line":58,"column":33},"end":{"line":68,"column":null}},"26":{"start":{"line":60,"column":6},"end":{"line":60,"column":25}},"27":{"start":{"line":61,"column":6},"end":{"line":61,"column":40}},"28":{"start":{"line":61,"column":33},"end":{"line":61,"column":40}},"29":{"start":{"line":62,"column":6},"end":{"line":66,"column":7}},"30":{"start":{"line":63,"column":8},"end":{"line":63,"column":57}},"31":{"start":{"line":65,"column":8},"end":{"line":65,"column":27}},"32":{"start":{"line":71,"column":34},"end":{"line":75,"column":16}},"33":{"start":{"line":72,"column":4},"end":{"line":72,"column":32}},"34":{"start":{"line":73,"column":4},"end":{"line":73,"column":25}},"35":{"start":{"line":74,"column":4},"end":{"line":74,"column":20}},"36":{"start":{"line":77,"column":35},"end":{"line":80,"column":8}},"37":{"start":{"line":78,"column":4},"end":{"line":78,"column":26}},"38":{"start":{"line":79,"column":4},"end":{"line":79,"column":25}},"39":{"start":{"line":82,"column":29},"end":{"line":85,"column":8}},"40":{"start":{"line":83,"column":4},"end":{"line":83,"column":20}},"41":{"start":{"line":84,"column":4},"end":{"line":84,"column":25}},"42":{"start":{"line":87,"column":28},"end":{"line":88,"column":null}},"43":{"start":{"line":91,"column":2},"end":{"line":108,"column":4}},"44":{"start":{"line":12,"column":13},"end":{"line":12,"column":24}}},"fnMap":{"0":{"name":"(anonymous_0)","decl":{"start":{"line":12,"column":24},"end":{"line":12,"column":27}},"loc":{"start":{"line":12,"column":29},"end":{"line":109,"column":1}}},"1":{"name":"(anonymous_1)","decl":{"start":{"line":28,"column":16},"end":{"line":28,"column":17}},"loc":{"start":{"line":28,"column":25},"end":{"line":33,"column":7}}},"2":{"name":"(anonymous_2)","decl":{"start":{"line":34,"column":16},"end":{"line":34,"column":21}},"loc":{"start":{"line":34,"column":31},"end":{"line":36,"column":7}}},"3":{"name":"(anonymous_3)","decl":{"start":{"line":46,"column":4},"end":{"line":46,"column":9}},"loc":{"start":{"line":46,"column":33},"end":{"line":54,"column":5}}},"4":{"name":"(anonymous_4)","decl":{"start":{"line":59,"column":4},"end":{"line":59,"column":9}},"loc":{"start":{"line":59,"column":33},"end":{"line":67,"column":5}}},"5":{"name":"(anonymous_5)","decl":{"start":{"line":71,"column":46},"end":{"line":71,"column":49}},"loc":{"start":{"line":71,"column":51},"end":{"line":75,"column":3}}},"6":{"name":"(anonymous_6)","decl":{"start":{"line":77,"column":47},"end":{"line":77,"column":50}},"loc":{"start":{"line":77,"column":52},"end":{"line":80,"column":3}}},"7":{"name":"(anonymous_7)","decl":{"start":{"line":82,"column":41},"end":{"line":82,"column":44}},"loc":{"start":{"line":82,"column":46},"end":{"line":85,"column":3}}}},"branchMap":{"0":{"loc":{"start":{"line":29,"column":8},"end":{"line":31,"column":9}},"type":"if","locations":[{"start":{"line":29,"column":8},"end":{"line":31,"column":9}},{"start":{},"end":{}}]},"1":{"loc":{"start":{"line":29,"column":12},"end":{"line":29,"column":41}},"type":"binary-expr","locations":[{"start":{"line":29,"column":12},"end":{"line":29,"column":23}},{"start":{"line":29,"column":27},"end":{"line":29,"column":41}}]},"2":{"loc":{"start":{"line":40,"column":15},"end":{"line":40,"column":55}},"type":"cond-expr","locations":[{"start":{"line":40,"column":28},"end":{"line":40,"column":39}},{"start":{"line":40,"column":42},"end":{"line":40,"column":55}}]},"3":{"loc":{"start":{"line":41,"column":22},"end":{"line":41,"column":71}},"type":"binary-expr","locations":[{"start":{"line":41,"column":22},"end":{"line":41,"column":43}},{"start":{"line":41,"column":47},"end":{"line":41,"column":71}}]},"4":{"loc":{"start":{"line":43,"column":16},"end":{"line":43,"column":62}},"type":"cond-expr","locations":[{"start":{"line":43,"column":39},"end":{"line":43,"column":48}},{"start":{"line":43,"column":51},"end":{"line":43,"column":62}}]},"5":{"loc":{"start":{"line":48,"column":6},"end":{"line":48,"column":40}},"type":"if","locations":[{"start":{"line":48,"column":6},"end":{"line":48,"column":40}},{"start":{},"end":{}}]},"6":{"loc":{"start":{"line":61,"column":6},"end":{"line":61,"column":40}},"type":"if","locations":[{"start":{"line":61,"column":6},"end":{"line":61,"column":40}},{"start":{},"end":{}}]}},"s":{"0":1,"1":1,"2":1,"3":1,"4":1,"5":1,"6":191,"7":191,"8":191,"9":191,"10":191,"11":4,"12":1,"13":3,"14":3,"15":191,"16":191,"17":191,"18":191,"19":0,"20":0,"21":0,"22":0,"23":0,"24":0,"25":191,"26":0,"27":0,"28":0,"29":0,"30":0,"31":0,"32":191,"33":0,"34":0,"35":0,"36":191,"37":0,"38":0,"39":191,"40":0,"41":0,"42":191,"43":191,"44":1},"f":{"0":191,"1":4,"2":3,"3":0,"4":0,"5":0,"6":0,"7":0},"b":{"0":[1,3],"1":[4,4],"2":[0,191],"3":[191,162],"4":[0,191],"5":[0,0],"6":[0,0]}}
,"C:\\Users\\User\\Desktop\\eventhub\\eventhub_frontend\\src\\modules\\auth\\hooks\\useRegister.ts": {"path":"C:\\Users\\User\\Desktop\\eventhub\\eventhub_frontend\\src\\modules\\auth\\hooks\\useRegister.ts","statementMap":{"0":{"start":{"line":1,"column":0},"end":{"line":1,"column":33}},"1":{"start":{"line":2,"column":0},"end":{"line":2,"column":47}},"2":{"start":{"line":3,"column":0},"end":{"line":3,"column":66}},"3":{"start":{"line":4,"column":0},"end":{"line":4,"column":53}},"4":{"start":{"line":5,"column":0},"end":{"line":5,"column":50}},"5":{"start":{"line":19,"column":27},"end":{"line":74,"column":1}},"6":{"start":{"line":20,"column":19},"end":{"line":20,"column":32}},"7":{"start":{"line":21,"column":46},"end":{"line":21,"column":68}},"8":{"start":{"line":23,"column":58},"end":{"line":56,"column":4}},"9":{"start":{"line":32,"column":6},"end":{"line":34,"column":7}},"10":{"start":{"line":33,"column":8},"end":{"line":33,"column":50}},"11":{"start":{"line":35,"column":33},"end":{"line":35,"column":74}},"12":{"start":{"line":36,"column":6},"end":{"line":39,"column":7}},"13":{"start":{"line":37,"column":8},"end":{"line":37,"column":53}},"14":{"start":{"line":38,"column":8},"end":{"line":38,"column":69}},"15":{"start":{"line":40,"column":6},"end":{"line":40,"column":18}},"16":{"start":{"line":43,"column":6},"end":{"line":43,"column":58}},"17":{"start":{"line":44,"column":6},"end":{"line":44,"column":28}},"18":{"start":{"line":45,"column":6},"end":{"line":45,"column":25}},"19":{"start":{"line":49,"column":6},"end":{"line":53,"column":7}},"20":{"start":{"line":50,"column":27},"end":{"line":50,"column":60}},"21":{"start":{"line":51,"column":8},"end":{"line":51,"column":45}},"22":{"start":{"line":52,"column":8},"end":{"line":52,"column":53}},"23":{"start":{"line":54,"column":6},"end":{"line":54,"column":23}},"24":{"start":{"line":58,"column":22},"end":{"line":65,"column":3}},"25":{"start":{"line":59,"column":31},"end":{"line":59,"column":76}},"26":{"start":{"line":60,"column":4},"end":{"line":64,"column":6}},"27":{"start":{"line":67,"column":2},"end":{"line":73,"column":4}},"28":{"start":{"line":19,"column":13},"end":{"line":19,"column":27}}},"fnMap":{"0":{"name":"(anonymous_0)","decl":{"start":{"line":19,"column":27},"end":{"line":19,"column":30}},"loc":{"start":{"line":19,"column":32},"end":{"line":74,"column":1}}},"1":{"name":"(anonymous_1)","decl":{"start":{"line":31,"column":14},"end":{"line":31,"column":15}},"loc":{"start":{"line":31,"column":23},"end":{"line":41,"column":5}}},"2":{"name":"(anonymous_2)","decl":{"start":{"line":42,"column":14},"end":{"line":42,"column":19}},"loc":{"start":{"line":42,"column":29},"end":{"line":46,"column":5}}},"3":{"name":"(anonymous_3)","decl":{"start":{"line":48,"column":19},"end":{"line":48,"column":20}},"loc":{"start":{"line":48,"column":36},"end":{"line":55,"column":5}}},"4":{"name":"(anonymous_4)","decl":{"start":{"line":58,"column":22},"end":{"line":58,"column":25}},"loc":{"start":{"line":58,"column":27},"end":{"line":65,"column":3}}}},"branchMap":{"0":{"loc":{"start":{"line":32,"column":6},"end":{"line":34,"column":7}},"type":"if","locations":[{"start":{"line":32,"column":6},"end":{"line":34,"column":7}},{"start":{},"end":{}}]},"1":{"loc":{"start":{"line":32,"column":10},"end":{"line":32,"column":39}},"type":"binary-expr","locations":[{"start":{"line":32,"column":10},"end":{"line":32,"column":21}},{"start":{"line":32,"column":25},"end":{"line":32,"column":39}}]},"2":{"loc":{"start":{"line":36,"column":6},"end":{"line":39,"column":7}},"type":"if","locations":[{"start":{"line":36,"column":6},"end":{"line":39,"column":7}},{"start":{},"end":{}}]},"3":{"loc":{"start":{"line":49,"column":6},"end":{"line":53,"column":7}},"type":"if","locations":[{"start":{"line":49,"column":6},"end":{"line":53,"column":7}},{"start":{},"end":{}}]},"4":{"loc":{"start":{"line":61,"column":6},"end":{"line":63,"column":32}},"type":"binary-expr","locations":[{"start":{"line":61,"column":6},"end":{"line":61,"column":27}},{"start":{"line":62,"column":6},"end":{"line":62,"column":30}},{"start":{"line":63,"column":6},"end":{"line":63,"column":32}}]}},"s":{"0":1,"1":1,"2":1,"3":1,"4":1,"5":1,"6":268,"7":268,"8":268,"9":5,"10":1,"11":4,"12":4,"13":2,"14":2,"15":2,"16":2,"17":1,"18":1,"19":235,"20":91,"21":91,"22":91,"23":144,"24":268,"25":268,"26":268,"27":268,"28":1},"f":{"0":268,"1":5,"2":2,"3":235,"4":268},"b":{"0":[1,4],"1":[5,5],"2":[2,2],"3":[91,144],"4":[268,224,78]}}
,"C:\\Users\\User\\Desktop\\eventhub\\eventhub_frontend\\src\\modules\\auth\\pages\\LoginPage.tsx": {"path":"C:\\Users\\User\\Desktop\\eventhub\\eventhub_frontend\\src\\modules\\auth\\pages\\LoginPage.tsx","statementMap":{"0":{"start":{"line":2,"column":0},"end":{"line":2,"column":36}},"1":{"start":{"line":3,"column":0},"end":{"line":3,"column":52}},"2":{"start":{"line":5,"column":35},"end":{"line":11,"column":1}},"3":{"start":{"line":6,"column":2},"end":{"line":10,"column":4}},"4":{"start":{"line":5,"column":13},"end":{"line":5,"column":35}}},"fnMap":{"0":{"name":"(anonymous_0)","decl":{"start":{"line":5,"column":35},"end":{"line":5,"column":38}},"loc":{"start":{"line":5,"column":40},"end":{"line":11,"column":1}}}},"branchMap":{},"s":{"0":0,"1":0,"2":0,"3":0,"4":0},"f":{"0":0},"b":{}}
,"C:\\Users\\User\\Desktop\\eventhub\\eventhub_frontend\\src\\modules\\auth\\pages\\RegisterPage.tsx": {"path":"C:\\Users\\User\\Desktop\\eventhub\\eventhub_frontend\\src\\modules\\auth\\pages\\RegisterPage.tsx","statementMap":{"0":{"start":{"line":2,"column":0},"end":{"line":2,"column":36}},"1":{"start":{"line":3,"column":0},"end":{"line":3,"column":58}},"2":{"start":{"line":5,"column":38},"end":{"line":11,"column":1}},"3":{"start":{"line":6,"column":2},"end":{"line":10,"column":4}},"4":{"start":{"line":5,"column":13},"end":{"line":5,"column":38}}},"fnMap":{"0":{"name":"(anonymous_0)","decl":{"start":{"line":5,"column":38},"end":{"line":5,"column":41}},"loc":{"start":{"line":5,"column":43},"end":{"line":11,"column":1}}}},"branchMap":{},"s":{"0":0,"1":0,"2":0,"3":0,"4":0},"f":{"0":0},"b":{}}
,"C:\\Users\\User\\Desktop\\eventhub\\eventhub_frontend\\src\\modules\\auth\\pages\\index.ts": {"path":"C:\\Users\\User\\Desktop\\eventhub\\eventhub_frontend\\src\\modules\\auth\\pages\\index.ts","statementMap":{"0":{"start":{"line":1,"column":0},"end":{"line":1,"column":9}},"1":{"start":{"line":1,"column":9},"end":{"line":1,"column":40}},"2":{"start":{"line":2,"column":0},"end":{"line":2,"column":9}},"3":{"start":{"line":2,"column":9},"end":{"line":2,"column":46}}},"fnMap":{"0":{"name":"(anonymous_0)","decl":{"start":{"line":1,"column":9},"end":{"line":1,"column":18}},"loc":{"start":{"line":1,"column":9},"end":{"line":1,"column":40}}},"1":{"name":"(anonymous_1)","decl":{"start":{"line":2,"column":9},"end":{"line":2,"column":21}},"loc":{"start":{"line":2,"column":9},"end":{"line":2,"column":46}}}},"branchMap":{},"s":{"0":0,"1":0,"2":0,"3":0},"f":{"0":0,"1":0},"b":{}}
,"C:\\Users\\User\\Desktop\\eventhub\\eventhub_frontend\\src\\modules\\auth\\services\\apiClient.ts": {"path":"C:\\Users\\User\\Desktop\\eventhub\\eventhub_frontend\\src\\modules\\auth\\services\\apiClient.ts","statementMap":{"0":{"start":{"line":1,"column":0},"end":{"line":1,"column":50}},"1":{"start":{"line":2,"column":0},"end":{"line":2,"column":47}},"2":{"start":{"line":27,"column":2},"end":{"line":55,"column":3}},"3":{"start":{"line":28,"column":19},"end":{"line":28,"column":34}},"4":{"start":{"line":29,"column":21},"end":{"line":33,"column":6}},"5":{"start":{"line":35,"column":17},"end":{"line":35,"column":30}},"6":{"start":{"line":37,"column":4},"end":{"line":42,"column":5}},"7":{"start":{"line":39,"column":8},"end":{"line":40,"column":59}},"8":{"start":{"line":41,"column":6},"end":{"line":41,"column":36}},"9":{"start":{"line":44,"column":4},"end":{"line":44,"column":21}},"10":{"start":{"line":46,"column":4},"end":{"line":53,"column":5}},"11":{"start":{"line":47,"column":25},"end":{"line":47,"column":66}},"12":{"start":{"line":49,"column":8},"end":{"line":51,"column":54}},"13":{"start":{"line":52,"column":6},"end":{"line":52,"column":36}},"14":{"start":{"line":54,"column":4},"end":{"line":54,"column":16}},"15":{"start":{"line":58,"column":13},"end":{"line":130,"column":2}},"16":{"start":{"line":60,"column":4},"end":{"line":63,"column":7}},"17":{"start":{"line":70,"column":4},"end":{"line":76,"column":6}},"18":{"start":{"line":80,"column":4},"end":{"line":83,"column":7}},"19":{"start":{"line":87,"column":4},"end":{"line":90,"column":7}},"20":{"start":{"line":94,"column":4},"end":{"line":96,"column":7}},"21":{"start":{"line":100,"column":4},"end":{"line":102,"column":7}},"22":{"start":{"line":108,"column":4},"end":{"line":112,"column":7}},"23":{"start":{"line":119,"column":4},"end":{"line":122,"column":7}},"24":{"start":{"line":126,"column":4},"end":{"line":128,"column":7}}},"fnMap":{"0":{"name":"fetchApi","decl":{"start":{"line":20,"column":15},"end":{"line":20,"column":23}},"loc":{"start":{"line":25,"column":8},"end":{"line":56,"column":1}}},"1":{"name":"(anonymous_2)","decl":{"start":{"line":59,"column":2},"end":{"line":59,"column":7}},"loc":{"start":{"line":59,"column":48},"end":{"line":64,"column":3}}},"2":{"name":"(anonymous_3)","decl":{"start":{"line":66,"column":2},"end":{"line":66,"column":7}},"loc":{"start":{"line":68,"column":20},"end":{"line":77,"column":3}}},"3":{"name":"(anonymous_4)","decl":{"start":{"line":79,"column":2},"end":{"line":79,"column":7}},"loc":{"start":{"line":79,"column":40},"end":{"line":84,"column":3}}},"4":{"name":"(anonymous_5)","decl":{"start":{"line":86,"column":2},"end":{"line":86,"column":7}},"loc":{"start":{"line":86,"column":37},"end":{"line":91,"column":3}}},"5":{"name":"(anonymous_6)","decl":{"start":{"line":93,"column":2},"end":{"line":93,"column":7}},"loc":{"start":{"line":93,"column":14},"end":{"line":97,"column":3}}},"6":{"name":"(anonymous_7)","decl":{"start":{"line":99,"column":2},"end":{"line":99,"column":7}},"loc":{"start":{"line":99,"column":22},"end":{"line":103,"column":3}}},"7":{"name":"(anonymous_8)","decl":{"start":{"line":105,"column":2},"end":{"line":105,"column":7}},"loc":{"start":{"line":105,"column":17},"end":{"line":113,"column":3}}},"8":{"name":"(anonymous_9)","decl":{"start":{"line":115,"column":2},"end":{"line":115,"column":7}},"loc":{"start":{"line":117,"column":16},"end":{"line":123,"column":3}}},"9":{"name":"(anonymous_10)","decl":{"start":{"line":125,"column":2},"end":{"line":125,"column":7}},"loc":{"start":{"line":125,"column":28},"end":{"line":129,"column":3}}}},"branchMap":{"0":{"loc":{"start":{"line":22,"column":2},"end":{"line":25,"column":8}},"type":"default-arg","locations":[{"start":{"line":25,"column":6},"end":{"line":25,"column":8}}]},"1":{"loc":{"start":{"line":31,"column":14},"end":{"line":31,"column":37}},"type":"binary-expr","locations":[{"start":{"line":31,"column":14},"end":{"line":31,"column":28}},{"start":{"line":31,"column":32},"end":{"line":31,"column":37}}]},"2":{"loc":{"start":{"line":37,"column":4},"end":{"line":42,"column":5}},"type":"if","locations":[{"start":{"line":37,"column":4},"end":{"line":42,"column":5}},{"start":{},"end":{}}]},"3":{"loc":{"start":{"line":39,"column":8},"end":{"line":40,"column":59}},"type":"binary-expr","locations":[{"start":{"line":39,"column":8},"end":{"line":39,"column":27}},{"start":{"line":40,"column":8},"end":{"line":40,"column":59}}]},"4":{"loc":{"start":{"line":46,"column":4},"end":{"line":53,"column":5}},"type":"if","locations":[{"start":{"line":46,"column":4},"end":{"line":53,"column":5}},{"start":{},"end":{}}]},"5":{"loc":{"start":{"line":49,"column":8},"end":{"line":51,"column":54}},"type":"binary-expr","locations":[{"start":{"line":49,"column":8},"end":{"line":49,"column":49}},{"start":{"line":50,"column":8},"end":{"line":50,"column":26}},{"start":{"line":51,"column":8},"end":{"line":51,"column":54}}]},"6":{"loc":{"start":{"line":51,"column":18},"end":{"line":51,"column":52}},"type":"binary-expr","locations":[{"start":{"line":51,"column":18},"end":{"line":51,"column":45}},{"start":{"line":51,"column":49},"end":{"line":51,"column":52}}]}},"s":{"0":1,"1":1,"2":0,"3":0,"4":0,"5":0,"6":0,"7":0,"8":0,"9":0,"10":0,"11":0,"12":0,"13":0,"14":0,"15":1,"16":0,"17":0,"18":0,"19":0,"20":0,"21":0,"22":0,"23":0,"24":0},"f":{"0":0,"1":0,"2":0,"3":0,"4":0,"5":0,"6":0,"7":0,"8":0,"9":0},"b":{"0":[0],"1":[0,0],"2":[0,0],"3":[0,0],"4":[0,0],"5":[0,0,0],"6":[0,0]}}
,"C:\\Users\\User\\Desktop\\eventhub\\eventhub_frontend\\src\\modules\\auth\\services\\authService.ts": {"path":"C:\\Users\\User\\Desktop\\eventhub\\eventhub_frontend\\src\\modules\\auth\\services\\authService.ts","statementMap":{"0":{"start":{"line":1,"column":0},"end":{"line":1,"column":62}},"1":{"start":{"line":6,"column":17},"end":{"line":6,"column":47}},"2":{"start":{"line":8,"column":4},"end":{"line":8,"column":18}},"3":{"start":{"line":9,"column":4},"end":{"line":11,"column":5}},"4":{"start":{"line":10,"column":6},"end":{"line":10,"column":23}},"5":{"start":{"line":12,"column":4},"end":{"line":12,"column":16}},"6":{"start":{"line":4,"column":0},"end":{"line":4,"column":13}}},"fnMap":{"0":{"name":"(anonymous_0)","decl":{"start":{"line":5,"column":2},"end":{"line":5,"column":8}},"loc":{"start":{"line":5,"column":53},"end":{"line":13,"column":3}}}},"branchMap":{"0":{"loc":{"start":{"line":9,"column":4},"end":{"line":11,"column":5}},"type":"if","locations":[{"start":{"line":9,"column":4},"end":{"line":11,"column":5}},{"start":{},"end":{}}]}},"s":{"0":0,"1":0,"2":0,"3":0,"4":0,"5":0,"6":0},"f":{"0":0},"b":{"0":[0,0]}}
[...]
nd":{"line":117,"column":17}}}},"branchMap":{"0":{"loc":{"start":{"line":43,"column":4},"end":{"line":46,"column":5}},"type":"if","locations":[{"start":{"line":43,"column":4},"end":{"line":46,"column":5}},{"start":{},"end":{}}]},"1":{"loc":{"start":{"line":43,"column":8},"end":{"line":43,"column":53}},"type":"binary-expr","locations":[{"start":{"line":43,"column":8},"end":{"line":43,"column":15}},{"start":{"line":43,"column":19},"end":{"line":43,"column":28}},{"start":{"line":43,"column":32},"end":{"line":43,"column":53}}]},"2":{"loc":{"start":{"line":57,"column":8},"end":{"line":57,"column":84}},"type":"cond-expr","locations":[{"start":{"line":57,"column":31},"end":{"line":57,"column":42}},{"start":{"line":57,"column":45},"end":{"line":57,"column":84}}]},"3":{"loc":{"start":{"line":74,"column":9},"end":{"line":135,"column":16}},"type":"cond-expr","locations":[{"start":{"line":75,"column":10},"end":{"line":76,"column":null}},{"start":{"line":78,"column":12},"end":{"line":135,"column":16}}]},"4":{"loc":{"start":{"line":78,"column":12},"end":{"line":135,"column":16}},"type":"cond-expr","locations":[{"start":{"line":79,"column":10},"end":{"line":80,"column":null}},{"start":{"line":82,"column":12},"end":{"line":135,"column":16}}]},"5":{"loc":{"start":{"line":82,"column":12},"end":{"line":135,"column":16}},"type":"cond-expr","locations":[{"start":{"line":83,"column":10},"end":{"line":133,"column":null}},{"start":{"line":135,"column":12},"end":{"line":135,"column":16}}]},"6":{"loc":{"start":{"line":129,"column":13},"end":{"line":132,"column":null}},"type":"binary-expr","locations":[{"start":{"line":129,"column":13},"end":{"line":129,"column":25}},{"start":{"line":130,"column":14},"end":{"line":131,"column":null}}]},"7":{"loc":{"start":{"line":141,"column":9},"end":{"line":148,"column":null}},"type":"binary-expr","locations":[{"start":{"line":141,"column":9},"end":{"line":141,"column":15}},{"start":{"line":142,"column":10},"end":{"line":147,"column":null}}]},"8":{"loc":{"start":{"line":145,"column":22},"end":{"line":145,"column":57}},"type":"binary-expr","locations":[{"start":{"line":145,"column":22},"end":{"line":145,"column":32}},{"start":{"line":145,"column":36},"end":{"line":145,"column":57}}]},"9":{"loc":{"start":{"line":147,"column":13},"end":{"line":147,"column":68}},"type":"cond-expr","locations":[{"start":{"line":147,"column":26},"end":{"line":147,"column":56}},{"start":{"line":147,"column":59},"end":{"line":147,"column":68}}]}},"s":{"0":1,"1":1,"2":1,"3":2,"4":2,"5":2,"6":2,"7":0,"8":0,"9":0,"10":0,"11":0,"12":0,"13":0,"14":0,"15":0,"16":0,"17":0,"18":2,"19":0,"20":0,"21":0,"22":2,"23":0,"24":0,"25":0,"26":1},"f":{"0":2,"1":0,"2":0,"3":0},"b":{"0":[0,0],"1":[0,0,0],"2":[0,0],"3":[0,2],"4":[0,2],"5":[0,2],"6":[0,0],"7":[2,0],"8":[0,0],"9":[0,0]}}
,"C:\\Users\\User\\Desktop\\eventhub\\eventhub_frontend\\src\\modules\\user\\components\\ProfileForm.tsx": {"path":"C:\\Users\\User\\Desktop\\eventhub\\eventhub_frontend\\src\\modules\\user\\components\\ProfileForm.tsx","statementMap":{"0":{"start":{"line":1,"column":0},"end":{"line":1,"column":40}},"1":{"start":{"line":2,"column":0},"end":{"line":2,"column":null}},"2":{"start":{"line":10,"column":0},"end":{"line":10,"column":51}},"3":{"start":{"line":11,"column":0},"end":{"line":11,"column":48}},"4":{"start":{"line":12,"column":0},"end":{"line":12,"column":70}},"5":{"start":{"line":13,"column":0},"end":{"line":13,"column":72}},"6":{"start":{"line":14,"column":0},"end":{"line":14,"column":54}},"7":{"start":{"line":15,"column":0},"end":{"line":15,"column":58}},"8":{"start":{"line":17,"column":37},"end":{"line":164,"column":1}},"9":{"start":{"line":18,"column":57},"end":{"line":18,"column":66}},"10":{"start":{"line":25,"column":6},"end":{"line":25,"column":28}},"11":{"start":{"line":26,"column":48},"end":{"line":26,"column":63}},"12":{"start":{"line":27,"column":50},"end":{"line":27,"column":65}},"13":{"start":{"line":28,"column":40},"end":{"line":28,"column":71}},"14":{"start":{"line":29,"column":58},"end":{"line":29,"column":73}},"15":{"start":{"line":30,"column":2},"end":{"line":36,"column":3}},"16":{"start":{"line":31,"column":4},"end":{"line":35,"column":6}},"17":{"start":{"line":38,"column":32},"end":{"line":41,"column":3}},"18":{"start":{"line":39,"column":4},"end":{"line":39,"column":29}},"19":{"start":{"line":40,"column":4},"end":{"line":40,"column":24}},"20":{"start":{"line":43,"column":33},"end":{"line":46,"column":3}},"21":{"start":{"line":44,"column":4},"end":{"line":44,"column":30}},"22":{"start":{"line":45,"column":4},"end":{"line":45,"column":12}},"23":{"start":{"line":48,"column":33},"end":{"line":50,"column":3}},"24":{"start":{"line":49,"column":4},"end":{"line":49,"column":30}},"25":{"start":{"line":52,"column":34},"end":{"line":55,"column":3}},"26":{"start":{"line":53,"column":4},"end":{"line":53,"column":31}},"27":{"start":{"line":54,"column":4},"end":{"line":54,"column":20}},"28":{"start":{"line":57,"column":36},"end":{"line":66,"column":3}},"29":{"start":{"line":61,"column":19},"end":{"line":61,"column":68}},"30":{"start":{"line":62,"column":4},"end":{"line":62,"column":39}},"31":{"start":{"line":63,"column":4},"end":{"line":63,"column":30}},"32":{"start":{"line":64,"column":4},"end":{"line":64,"column":34}},"33":{"start":{"line":65,"column":4},"end":{"line":65,"column":30}},"34":{"start":{"line":68,"column":37},"end":{"line":72,"column":3}},"35":{"start":{"line":69,"column":4},"end":{"line":69,"column":43}},"36":{"start":{"line":70,"column":4},"end":{"line":70,"column":20}},"37":{"start":{"line":71,"column":4},"end":{"line":71,"column":31}},"38":{"start":{"line":74,"column":2},"end":{"line":80,"column":3}},"39":{"start":{"line":75,"column":4},"end":{"line":79,"column":6}},"40":{"start":{"line":82,"column":2},"end":{"line":163,"column":4}},"41":{"start":{"line":157,"column":10},"end":{"line":157,"column":31}},"42":{"start":{"line":158,"column":10},"end":{"line":158,"column":41}},"43":{"start":{"line":159,"column":10},"end":{"line":159,"column":26}},"44":{"start":{"line":17,"column":13},"end":{"line":17,"column":37}}},"fnMap":{"0":{"name":"(anonymous_0)","decl":{"start":{"line":17,"column":37},"end":{"line":17,"column":40}},"loc":{"start":{"line":17,"column":42},"end":{"line":164,"column":1}}},"1":{"name":"(anonymous_1)","decl":{"start":{"line":38,"column":32},"end":{"line":38,"column":37}},"loc":{"start":{"line":38,"column":43},"end":{"line":41,"column":3}}},"2":{"name":"(anonymous_2)","decl":{"start":{"line":43,"column":33},"end":{"line":43,"column":36}},"loc":{"start":{"line":43,"column":38},"end":{"line":46,"column":3}}},"3":{"name":"(anonymous_3)","decl":{"start":{"line":48,"column":33},"end":{"line":48,"column":36}},"loc":{"start":{"line":48,"column":38},"end":{"line":50,"column":3}}},"4":{"name":"(anonymous_4)","decl":{"start":{"line":52,"column":34},"end":{"line":52,"column":39}},"loc":{"start":{"line":52,"column":45},"end":{"line":55,"column":3}}},"5":{"name":"(anonymous_5)","decl":{"start":{"line":57,"column":36},"end":{"line":57,"column":41}},"loc":{"start":{"line":60,"column":25},"end":{"line":66,"column":3}}},"6":{"name":"(anonymous_6)","decl":{"start":{"line":68,"column":37},"end":{"line":68,"column":42}},"loc":{"start":{"line":68,"column":48},"end":{"line":72,"column":3}}},"7":{"name":"(anonymous_7)","decl":{"start":{"line":156,"column":17},"end":{"line":156,"column":22}},"loc":{"start":{"line":156,"column":28},"end":{"line":160,"column":9}}}},"branchMap":{"0":{"loc":{"start":{"line":30,"column":2},"end":{"line":36,"column":3}},"type":"if","locations":[{"start":{"line":30,"column":2},"end":{"line":36,"column":3}},{"start":{},"end":{}}]},"1":{"loc":{"start":{"line":74,"column":2},"end":{"line":80,"column":3}},"type":"if","locations":[{"start":{"line":74,"column":2},"end":{"line":80,"column":3}},{"start":{},"end":{}}]},"2":{"loc":{"start":{"line":104,"column":17},"end":{"line":104,"column":42}},"type":"binary-expr","locations":[{"start":{"line":104,"column":17},"end":{"line":104,"column":35}},{"start":{"line":104,"column":39},"end":{"line":104,"column":42}}]},"3":{"loc":{"start":{"line":113,"column":17},"end":{"line":113,"column":41}},"type":"binary-expr","locations":[{"start":{"line":113,"column":17},"end":{"line":113,"column":34}},{"start":{"line":113,"column":38},"end":{"line":113,"column":41}}]},"4":{"loc":{"start":{"line":119,"column":9},"end":{"line":134,"column":null}},"type":"cond-expr","locations":[{"start":{"line":120,"column":10},"end":{"line":123,"column":null}},{"start":{"line":128,"column":10},"end":{"line":131,"column":null}}]},"5":{"loc":{"start":{"line":155,"column":15},"end":{"line":155,"column":32}},"type":"binary-expr","locations":[{"start":{"line":155,"column":15},"end":{"line":155,"column":26}},{"start":{"line":155,"column":30},"end":{"line":155,"column":32}}]}},"s":{"0":1,"1":1,"2":1,"3":1,"4":1,"5":1,"6":1,"7":1,"8":1,"9":3,"10":3,"11":3,"12":3,"13":3,"14":3,"15":3,"16":1,"17":2,"18":0,"19":0,"20":2,"21":0,"22":0,"23":2,"24":0,"25":2,"26":0,"27":0,"28":2,"29":0,"30":0,"31":0,"32":0,"33":0,"34":2,"35":0,"36":0,"37":0,"38":2,"39":0,"40":2,"41":0,"42":0,"43":0,"44":1},"f":{"0":3,"1":0,"2":0,"3":0,"4":0,"5":0,"6":0,"7":0},"b":{"0":[1,2],"1":[0,2],"2":[2,0],"3":[2,0],"4":[0,2],"5":[2,2]}}
,"C:\\Users\\User\\Desktop\\eventhub\\eventhub_frontend\\src\\modules\\user\\components\\index.ts": {"path":"C:\\Users\\User\\Desktop\\eventhub\\eventhub_frontend\\src\\modules\\user\\components\\index.ts","statementMap":{"0":{"start":{"line":1,"column":0},"end":{"line":1,"column":9}},"1":{"start":{"line":1,"column":9},"end":{"line":1,"column":44}}},"fnMap":{"0":{"name":"(anonymous_0)","decl":{"start":{"line":1,"column":9},"end":{"line":1,"column":20}},"loc":{"start":{"line":1,"column":9},"end":{"line":1,"column":44}}}},"branchMap":{},"s":{"0":0,"1":0},"f":{"0":0},"b":{}}
,"C:\\Users\\User\\Desktop\\eventhub\\eventhub_frontend\\src\\modules\\user\\hooks\\index.ts": {"path":"C:\\Users\\User\\Desktop\\eventhub\\eventhub_frontend\\src\\modules\\user\\hooks\\index.ts","statementMap":{"0":{"start":{"line":1,"column":0},"end":{"line":1,"column":9}},"1":{"start":{"line":1,"column":9},"end":{"line":1,"column":62}}},"fnMap":{"0":{"name":"(anonymous_0)","decl":{"start":{"line":1,"column":9},"end":{"line":1,"column":29}},"loc":{"start":{"line":1,"column":9},"end":{"line":1,"column":62}}}},"branchMap":{},"s":{"0":1,"1":4},"f":{"0":3},"b":{}}
,"C:\\Users\\User\\Desktop\\eventhub\\eventhub_frontend\\src\\modules\\user\\hooks\\useCurrentUserQrCode.ts": {"path":"C:\\Users\\User\\Desktop\\eventhub\\eventhub_frontend\\src\\modules\\user\\hooks\\useCurrentUserQrCode.ts","statementMap":{"0":{"start":{"line":1,"column":0},"end":{"line":1,"column":46}},"1":{"start":{"line":2,"column":0},"end":{"line":2,"column":58}},"2":{"start":{"line":16,"column":36},"end":{"line":47,"column":1}},"3":{"start":{"line":17,"column":28},"end":{"line":21,"column":4}},"4":{"start":{"line":23,"column":22},"end":{"line":36,"column":8}},"5":{"start":{"line":24,"column":4},"end":{"line":24,"column":59}},"6":{"start":{"line":26,"column":4},"end":{"line":35,"column":5}},"7":{"start":{"line":27,"column":21},"end":{"line":27,"column":48}},"8":{"start":{"line":28,"column":6},"end":{"line":28,"column":71}},"9":{"start":{"line":31,"column":8},"end":{"line":33,"column":55}},"10":{"start":{"line":34,"column":6},"end":{"line":34,"column":70}},"11":{"start":{"line":38,"column":16},"end":{"line":40,"column":8}},"12":{"start":{"line":39,"column":4},"end":{"line":39,"column":60}},"13":{"start":{"line":42,"column":2},"end":{"line":46,"column":4}},"14":{"start":{"line":16,"column":13},"end":{"line":16,"column":36}}},"fnMap":{"0":{"name":"(anonymous_0)","decl":{"start":{"line":16,"column":36},"end":{"line":16,"column":39}},"loc":{"start":{"line":16,"column":41},"end":{"line":47,"column":1}}},"1":{"name":"(anonymous_1)","decl":{"start":{"line":23,"column":34},"end":{"line":23,"column":39}},"loc":{"start":{"line":23,"column":45},"end":{"line":36,"column":3}}},"2":{"name":"(anonymous_2)","decl":{"start":{"line":38,"column":28},"end":{"line":38,"column":31}},"loc":{"start":{"line":38,"column":33},"end":{"line":40,"column":3}}}},"branchMap":{"0":{"loc":{"start":{"line":31,"column":8},"end":{"line":33,"column":55}},"type":"cond-expr","locations":[{"start":{"line":32,"column":12},"end":{"line":32,"column":25}},{"start":{"line":33,"column":12},"end":{"line":33,"column":55}}]}},"s":{"0":1,"1":1,"2":1,"3":3,"4":3,"5":0,"6":0,"7":0,"8":0,"9":0,"10":0,"11":3,"12":0,"13":3,"14":1},"f":{"0":3,"1":0,"2":0},"b":{"0":[0,0]}}
,"C:\\Users\\User\\Desktop\\eventhub\\eventhub_frontend\\src\\modules\\user\\pages\\ProfilePage.tsx": {"path":"C:\\Users\\User\\Desktop\\eventhub\\eventhub_frontend\\src\\modules\\user\\pages\\ProfilePage.tsx","statementMap":{"0":{"start":{"line":2,"column":0},"end":{"line":2,"column":36}},"1":{"start":{"line":3,"column":0},"end":{"line":3,"column":56}},"2":{"start":{"line":5,"column":37},"end":{"line":11,"column":1}},"3":{"start":{"line":6,"column":2},"end":{"line":10,"column":4}},"4":{"start":{"line":5,"column":13},"end":{"line":5,"column":37}}},"fnMap":{"0":{"name":"(anonymous_0)","decl":{"start":{"line":5,"column":37},"end":{"line":5,"column":40}},"loc":{"start":{"line":5,"column":42},"end":{"line":11,"column":1}}}},"branchMap":{},"s":{"0":0,"1":0,"2":0,"3":0,"4":0},"f":{"0":0},"b":{}}
,"C:\\Users\\User\\Desktop\\eventhub\\eventhub_frontend\\src\\modules\\user\\pages\\index.ts": {"path":"C:\\Users\\User\\Desktop\\eventhub\\eventhub_frontend\\src\\modules\\user\\pages\\index.ts","statementMap":{"0":{"start":{"line":1,"column":0},"end":{"line":1,"column":9}},"1":{"start":{"line":1,"column":9},"end":{"line":1,"column":44}}},"fnMap":{"0":{"name":"(anonymous_0)","decl":{"start":{"line":1,"column":9},"end":{"line":1,"column":20}},"loc":{"start":{"line":1,"column":9},"end":{"line":1,"column":44}}}},"branchMap":{},"s":{"0":0,"1":0},"f":{"0":0},"b":{}}
,"C:\\Users\\User\\Desktop\\eventhub\\eventhub_frontend\\src\\modules\\user\\services\\index.ts": {"path":"C:\\Users\\User\\Desktop\\eventhub\\eventhub_frontend\\src\\modules\\user\\services\\index.ts","statementMap":{"0":{"start":{"line":1,"column":0},"end":{"line":1,"column":9}},"1":{"start":{"line":1,"column":9},"end":{"line":1,"column":44}}},"fnMap":{"0":{"name":"(anonymous_0)","decl":{"start":{"line":1,"column":9},"end":{"line":1,"column":20}},"loc":{"start":{"line":1,"column":9},"end":{"line":1,"column":44}}}},"branchMap":{},"s":{"0":0,"1":0},"f":{"0":0},"b":{}}
,"C:\\Users\\User\\Desktop\\eventhub\\eventhub_frontend\\src\\modules\\user\\services\\userService.ts": {"path":"C:\\Users\\User\\Desktop\\eventhub\\eventhub_frontend\\src\\modules\\user\\services\\userService.ts","statementMap":{"0":{"start":{"line":4,"column":33},"end":{"line":4,"column":35}},"1":{"start":{"line":7,"column":4},"end":{"line":7,"column":20}},"2":{"start":{"line":10,"column":26},"end":{"line":13,"column":6}},"3":{"start":{"line":14,"column":4},"end":{"line":14,"column":29}},"4":{"start":{"line":15,"column":4},"end":{"line":15,"column":19}},"5":{"start":{"line":18,"column":4},"end":{"line":18,"column":59}},"6":{"start":{"line":18,"column":37},"end":{"line":18,"column":57}},"7":{"start":{"line":25,"column":22},"end":{"line":25,"column":72}},"8":{"start":{"line":25,"column":53},"end":{"line":25,"column":71}},"9":{"start":{"line":26,"column":4},"end":{"line":28,"column":5}},"10":{"start":{"line":27,"column":6},"end":{"line":27,"column":23}},"11":{"start":{"line":29,"column":4},"end":{"line":32,"column":6}},"12":{"start":{"line":34,"column":4},"end":{"line":34,"column":33}},"13":{"start":{"line":38,"column":4},"end":{"line":38,"column":59}},"14":{"start":{"line":38,"column":37},"end":{"line":38,"column":57}},"15":{"start":{"line":3,"column":0},"end":{"line":3,"column":13}}},"fnMap":{"0":{"name":"(anonymous_0)","decl":{"start":{"line":6,"column":2},"end":{"line":6,"column":8}},"loc":{"start":{"line":6,"column":14},"end":{"line":8,"column":3}}},"1":{"name":"(anonymous_1)","decl":{"start":{"line":9,"column":2},"end":{"line":9,"column":8}},"loc":{"start":{"line":9,"column":46},"end":{"line":16,"column":3}}},"2":{"name":"(anonymous_2)","decl":{"start":{"line":17,"column":2},"end":{"line":17,"column":8}},"loc":{"start":{"line":17,"column":34},"end":{"line":19,"column":3}}},"3":{"name":"(anonymous_3)","decl":{"start":{"line":18,"column":27},"end":{"line":18,"column":28}},"loc":{"start":{"line":18,"column":37},"end":{"line":18,"column":57}}},"4":{"name":"(anonymous_4)","decl":{"start":{"line":21,"column":2},"end":{"line":21,"column":8}},"loc":{"start":{"line":23,"column":38},"end":{"line":35,"column":3}}},"5":{"name":"(anonymous_5)","decl":{"start":{"line":25,"column":43},"end":{"line":25,"column":44}},"loc":{"start":{"line":25,"column":53},"end":{"line":25,"column":71}}},"6":{"name":"(anonymous_6)","decl":{"start":{"line":37,"column":2},"end":{"line":37,"column":8}},"loc":{"start":{"line":37,"column":34},"end":{"line":39,"column":3}}},"7":{"name":"(anonymous_7)","decl":{"start":{"line":38,"column":27},"end":{"line":38,"column":28}},"loc":{"start":{"line":38,"column":37},"end":{"line":38,"column":57}}}},"branchMap":{"0":{"loc":{"start":{"line":26,"column":4},"end":{"line":28,"column":5}},"type":"if","locations":[{"start":{"line":26,"column":4},"end":{"line":28,"column":5}},{"start":{},"end":{}}]}},"s":{"0":1,"1":12,"2":1,"3":1,"4":1,"5":3,"6":1,"7":0,"8":0,"9":0,"10":0,"11":0,"12":0,"13":0,"14":0,"15":1},"f":{"0":12,"1":1,"2":3,"3":1,"4":0,"5":0,"6":0,"7":0},"b":{"0":[0,0]}}
,"C:\\Users\\User\\Desktop\\eventhub\\eventhub_frontend\\src\\services\\axiosInstanceApi.ts": {"path":"C:\\Users\\User\\Desktop\\eventhub\\eventhub_frontend\\src\\services\\axiosInstanceApi.ts","statementMap":{"0":{"start":{"line":1,"column":0},"end":{"line":1,"column":26}},"1":{"start":{"line":3,"column":0},"end":{"line":3,"column":46}},"2":{"start":{"line":6,"column":2},"end":{"line":8,"column":32}},"3":{"start":{"line":10,"column":29},"end":{"line":20,"column":4}},"4":{"start":{"line":11,"column":2},"end":{"line":20,"column":4}},"5":{"start":{"line":10,"column":13},"end":{"line":10,"column":29}}},"fnMap":{"0":{"name":"(anonymous_1)","decl":{"start":{"line":10,"column":29},"end":{"line":10,"column":30}},"loc":{"start":{"line":11,"column":2},"end":{"line":20,"column":4}}}},"branchMap":{"0":{"loc":{"start":{"line":6,"column":2},"end":{"line":8,"column":32}},"type":"binary-expr","locations":[{"start":{"line":6,"column":2},"end":{"line":6,"column":21}},{"start":{"line":7,"column":3},"end":{"line":7,"column":33}},{"start":{"line":7,"column":37},"end":{"line":7,"column":62}},{"start":{"line":8,"column":2},"end":{"line":8,"column":32}}]},"1":{"loc":{"start":{"line":10,"column":30},"end":{"line":10,"column":62}},"type":"default-arg","locations":[{"start":{"line":10,"column":60},"end":{"line":10,"column":62}}]},"2":{"loc":{"start":{"line":14,"column":21},"end":{"line":14,"column":52}},"type":"binary-expr","locations":[{"start":{"line":14,"column":21},"end":{"line":14,"column":44}},{"start":{"line":14,"column":48},"end":{"line":14,"column":52}}]},"3":{"loc":{"start":{"line":17,"column":10},"end":{"line":17,"column":31}},"type":"binary-expr","locations":[{"start":{"line":17,"column":10},"end":{"line":17,"column":25}},{"start":{"line":17,"column":29},"end":{"line":17,"column":31}}]}},"s":{"0":1,"1":1,"2":1,"3":1,"4":0,"5":1},"f":{"0":0},"b":{"0":[1,1,1,1],"1":[0],"2":[0,0],"3":[0,0]}}
,"C:\\Users\\User\\Desktop\\eventhub\\eventhub_frontend\\src\\services\\index.ts": {"path":"C:\\Users\\User\\Desktop\\eventhub\\eventhub_frontend\\src\\services\\index.ts","statementMap":{"0":{"start":{"line":1,"column":0},"end":{"line":1,"column":9}},"1":{"start":{"line":1,"column":9},"end":{"line":1,"column":51}}},"fnMap":{"0":{"name":"(anonymous_0)","decl":{"start":{"line":1,"column":9},"end":{"line":1,"column":22}},"loc":{"start":{"line":1,"column":9},"end":{"line":1,"column":51}}}},"branchMap":{},"s":{"0":1,"1":1},"f":{"0":0},"b":{}}
}
