TN:
SF:src\App.tsx
FN:13,(anonymous_9)
FN:13,(anonymous_10)
FN:16,App
FNF:3
FNH:0
FNDA:0,(anonymous_9)
FNDA:0,(anonymous_10)
FNDA:0,App
DA:1,0
DA:2,0
DA:3,0
DA:4,0
DA:5,0
DA:6,0
DA:7,0
DA:8,0
DA:9,0
DA:10,0
DA:12,0
DA:13,0
DA:17,0
DA:58,0
LF:14
LH:0
BRF:0
BRH:0
end_of_record
TN:
SF:src\modules\analytics\api\analyticsApi.ts
FN:3,(anonymous_0)
FNF:1
FNH:0
FNDA:0,(anonymous_0)
DA:1,0
DA:3,0
DA:7,0
DA:8,0
DA:18,0
LF:5
LH:0
BRF:0
BRH:0
end_of_record
TN:
SF:src\modules\analytics\components\EventsStatistics.tsx
FN:23,(anonymous_0)
FN:24,(anonymous_1)
FN:29,(anonymous_2)
FN:67,(anonymous_3)
FN:68,(anonymous_4)
FN:88,(anonymous_5)
FN:102,(anonymous_6)
FNF:7
FNH:0
FNDA:0,(anonymous_0)
FNDA:0,(anonymous_1)
FNDA:0,(anonymous_2)
FNDA:0,(anonymous_3)
FNDA:0,(anonymous_4)
FNDA:0,(anonymous_5)
FNDA:0,(anonymous_6)
DA:2,0
DA:11,0
DA:23,0
DA:24,0
DA:29,0
DA:37,0
DA:38,0
DA:45,0
DA:47,0
DA:67,0
DA:68,0
DA:88,0
DA:102,0
LF:13
LH:0
BRDA:25,0,0,0
BRDA:25,0,1,0
BRDA:31,1,0,0
BRDA:37,2,0,0
BRDA:37,2,1,0
BRDA:37,3,0,0
BRDA:37,3,1,0
BRDA:67,4,0,0
BRDA:67,4,1,0
BRDA:87,5,0,0
BRDA:87,5,1,0
BRDA:93,6,0,0
BRDA:93,6,1,0
BRDA:93,7,0,0
BRDA:93,7,1,0
BRDA:94,8,0,0
BRDA:94,8,1,0
BRDA:94,9,0,0
BRDA:94,9,1,0
BRDA:101,10,0,0
BRDA:101,10,1,0
BRDA:107,11,0,0
BRDA:107,11,1,0
BRDA:107,12,0,0
BRDA:107,12,1,0
BRDA:108,13,0,0
BRDA:108,13,1,0
BRDA:108,14,0,0
BRDA:108,14,1,0
BRF:29
BRH:0
end_of_record
TN:
SF:src\modules\analytics\hooks\useEventsStatistics.ts
FN:17,(anonymous_0)
FN:25,(anonymous_1)
FN:39,(anonymous_2)
FN:52,(anonymous_3)
FN:63,(anonymous_4)
FN:67,(anonymous_5)
FN:72,(anonymous_6)
FNF:7
FNH:0
FNDA:0,(anonymous_0)
FNDA:0,(anonymous_1)
FNDA:0,(anonymous_2)
FNDA:0,(anonymous_3)
FNDA:0,(anonymous_4)
FNDA:0,(anonymous_5)
FNDA:0,(anonymous_6)
DA:1,0
DA:2,0
DA:15,0
DA:17,0
DA:18,0
DA:19,0
DA:20,0
DA:21,0
DA:22,0
DA:23,0
DA:25,0
DA:26,0
DA:27,0
DA:28,0
DA:29,0
DA:30,0
DA:31,0
DA:32,0
DA:34,0
DA:35,0
DA:37,0
DA:38,0
DA:39,0
DA:46,0
DA:49,0
DA:51,0
DA:52,0
DA:54,0
DA:56,0
DA:57,0
DA:59,0
DA:63,0
DA:64,0
DA:67,0
DA:68,0
DA:69,0
DA:72,0
DA:73,0
DA:74,0
DA:75,0
DA:76,0
DA:77,0
DA:80,0
LF:43
LH:0
BRDA:30,0,0,0
BRDA:30,0,1,0
BRDA:37,1,0,0
BRDA:37,1,1,0
BRDA:40,2,0,0
BRDA:40,2,1,0
BRDA:41,3,0,0
BRDA:41,3,1,0
BRDA:42,4,0,0
BRDA:42,4,1,0
BRDA:46,5,0,0
BRDA:46,5,1,0
BRDA:46,6,0,0
BRDA:46,6,1,0
BRDA:51,7,0,0
BRDA:51,7,1,0
BRDA:68,8,0,0
BRDA:68,8,1,0
BRDA:73,9,0,0
BRDA:73,9,1,0
BRDA:75,10,0,0
BRDA:75,10,1,0
BRF:22
BRH:0
end_of_record
TN:
SF:src\modules\analytics\pages\DashboardPage.tsx
FN:6,(anonymous_0)
FNF:1
FNH:0
FNDA:0,(anonymous_0)
DA:2,0
DA:3,0
DA:4,0
DA:6,0
DA:15,0
DA:17,0
DA:49,0
LF:7
LH:0
BRDA:23,0,0,0
BRDA:23,0,1,0
BRDA:23,0,2,0
BRDA:29,1,0,0
BRDA:29,1,1,0
BRDA:35,2,0,0
BRDA:35,2,1,0
BRF:7
BRH:0
end_of_record
TN:
SF:src\modules\app\main.ts
FN:7,(anonymous_0)
FN:11,(anonymous_1)
FNF:2
FNH:0
FNDA:0,(anonymous_0)
FNDA:0,(anonymous_1)
DA:2,0
DA:4,0
DA:8,0
DA:9,0
DA:12,0
DA:15,0
LF:6
LH:0
BRF:0
BRH:0
end_of_record
TN:
SF:src\modules\app\components\AppInitializer.tsx
FN:5,(anonymous_0)
FN:9,(anonymous_1)
FNF:2
FNH:0
FNDA:0,(anonymous_0)
FNDA:0,(anonymous_1)
DA:1,0
DA:2,0
DA:3,0
DA:5,0
DA:6,0
DA:7,0
DA:9,0
DA:10,0
DA:11,0
DA:12,0
DA:16,0
LF:11
LH:0
BRDA:10,0,0,0
BRDA:10,0,1,0
BRF:2
BRH:0
end_of_record
TN:
SF:src\modules\app\components\AppWrapper.tsx
FN:5,(anonymous_0)
FNF:1
FNH:0
FNDA:0,(anonymous_0)
DA:2,0
DA:3,0
DA:5,0
DA:8,0
LF:4
LH:0
BRF:0
BRH:0
end_of_record
TN:
SF:src\modules\app\components\Layout.tsx
FN:4,(anonymous_0)
FNF:1
FNH:0
FNDA:0,(anonymous_0)
DA:1,0
DA:2,0
DA:4,0
DA:7,0
LF:4
LH:0
BRF:0
BRH:0
end_of_record
TN:
SF:src\modules\app\components\Navbar.tsx
FN:6,(anonymous_0)
FNF:1
FNH:0
FNDA:0,(anonymous_0)
DA:2,0
DA:3,0
DA:4,0
DA:6,0
DA:7,0
DA:9,0
LF:6
LH:0
BRDA:26,0,0,0
BRDA:26,0,1,0
BRF:2
BRH:0
end_of_record
TN:
SF:src\modules\app\components\ProtectedRoute.tsx
FN:10,(anonymous_0)
FNF:1
FNH:0
FNDA:0,(anonymous_0)
DA:1,0
DA:2,0
DA:3,0
DA:4,0
DA:10,0
DA:11,0
DA:13,0
DA:14,0
DA:21,0
DA:22,0
DA:25,0
LF:11
LH:0
BRDA:13,0,0,0
BRDA:13,0,1,0
BRDA:21,1,0,0
BRDA:21,1,1,0
BRF:4
BRH:0
end_of_record
TN:
SF:src\modules\auth\authSlice.ts
FN:16,(anonymous_0)
FN:33,(anonymous_1)
FN:49,(anonymous_2)
FN:65,(anonymous_3)
FN:79,(anonymous_4)
FN:101,(anonymous_5)
FN:105,(anonymous_6)
FN:109,(anonymous_7)
FN:110,(anonymous_8)
FN:114,(anonymous_9)
FN:118,(anonymous_10)
FN:125,(anonymous_11)
FN:130,(anonymous_12)
FN:140,(anonymous_13)
FN:146,(anonymous_14)
FN:150,(anonymous_15)
FN:155,(anonymous_16)
FN:161,(anonymous_17)
FN:165,(anonymous_18)
FN:170,(anonymous_19)
FN:177,(anonymous_20)
FN:181,(anonymous_21)
FN:186,(anonymous_22)
FN:196,(anonymous_23)
FNF:24
FNH:9
FNDA:1,(anonymous_0)
FNDA:3,(anonymous_1)
FNDA:0,(anonymous_2)
FNDA:0,(anonymous_3)
FNDA:0,(anonymous_4)
FNDA:0,(anonymous_5)
FNDA:0,(anonymous_6)
FNDA:3,(anonymous_7)
FNDA:1,(anonymous_8)
FNDA:1,(anonymous_9)
FNDA:0,(anonymous_10)
FNDA:3,(anonymous_11)
FNDA:1,(anonymous_12)
FNDA:2,(anonymous_13)
FNDA:0,(anonymous_14)
FNDA:0,(anonymous_15)
FNDA:0,(anonymous_16)
FNDA:0,(anonymous_17)
FNDA:0,(anonymous_18)
FNDA:0,(anonymous_19)
FNDA:0,(anonymous_20)
FNDA:0,(anonymous_21)
FNDA:0,(anonymous_22)
FNDA:38,(anonymous_23)
DA:1,3
DA:2,3
DA:14,3
DA:17,1
DA:18,1
DA:19,1
DA:21,0
DA:22,0
DA:24,0
DA:29,3
DA:34,3
DA:35,3
DA:36,1
DA:38,2
DA:39,2
DA:41,0
DA:45,3
DA:50,0
DA:51,0
DA:52,0
DA:54,0
DA:55,0
DA:57,0
DA:61,3
DA:66,0
DA:67,0
DA:68,0
DA:70,0
DA:71,0
DA:73,0
DA:79,3
DA:80,0
DA:90,3
DA:97,3
DA:102,0
DA:103,0
DA:106,0
DA:110,3
DA:111,1
DA:112,1
DA:114,3
DA:115,1
DA:116,1
DA:118,3
DA:119,0
DA:120,0
DA:125,3
DA:126,3
DA:127,3
DA:128,3
DA:130,3
DA:131,1
DA:132,1
DA:133,0
DA:134,0
DA:135,1
DA:136,1
DA:137,1
DA:140,3
DA:141,2
DA:142,2
DA:143,2
DA:146,3
DA:147,0
DA:148,0
DA:150,3
DA:151,0
DA:152,0
DA:153,0
DA:155,3
DA:156,0
DA:157,0
DA:161,3
DA:162,0
DA:163,0
DA:165,3
DA:166,0
DA:167,0
DA:168,0
DA:170,3
DA:171,0
DA:172,0
DA:177,3
DA:178,0
DA:179,0
DA:181,3
DA:182,0
DA:183,0
DA:184,0
DA:186,3
DA:187,0
DA:192,3
DA:194,3
DA:196,38
LF:94
LH:50
BRDA:21,0,0,0
BRDA:21,0,1,0
BRDA:38,1,0,2
BRDA:38,1,1,0
BRDA:54,2,0,0
BRDA:54,2,1,0
BRDA:70,3,0,0
BRDA:70,3,1,0
BRDA:121,4,0,0
BRDA:121,4,1,0
BRDA:132,5,0,0
BRDA:132,5,1,1
BRDA:132,6,0,1
BRDA:132,6,1,1
BRDA:135,7,0,1
BRDA:135,7,1,0
BRDA:135,8,0,1
BRDA:135,8,1,1
BRDA:142,9,0,2
BRDA:142,9,1,0
BRDA:158,10,0,0
BRDA:158,10,1,0
BRDA:173,11,0,0
BRDA:173,11,1,0
BRF:24
BRH:8
end_of_record
TN:
SF:src\modules\auth\components\LoginForm.tsx
FN:14,(anonymous_0)
FN:35,(anonymous_1)
FN:77,(anonymous_2)
FN:87,(anonymous_3)
FN:118,(anonymous_4)
FN:166,(anonymous_5)
FNF:6
FNH:3
FNDA:191,(anonymous_0)
FNDA:0,(anonymous_1)
FNDA:112,(anonymous_2)
FNDA:54,(anonymous_3)
FNDA:0,(anonymous_4)
FNDA:0,(anonymous_5)
DA:2,1
DA:10,1
DA:11,1
DA:12,1
DA:14,1
DA:15,191
DA:33,191
DA:35,191
DA:36,0
DA:39,191
DA:77,112
DA:87,54
DA:118,0
DA:167,0
DA:171,0
DA:172,0
DA:173,0
DA:175,0
LF:18
LH:11
BRDA:43,0,0,191
BRDA:43,0,1,0
BRDA:45,1,0,0
BRDA:45,1,1,0
BRDA:58,2,0,191
BRDA:58,2,1,0
BRDA:61,3,0,191
BRDA:61,3,1,3
BRDA:67,4,0,191
BRDA:67,4,1,2
BRDA:67,4,2,2
BRDA:71,5,0,191
BRDA:71,5,1,0
BRDA:97,6,0,191
BRDA:97,6,1,53
BRDA:100,7,0,4
BRDA:100,7,1,187
BRDA:105,8,0,0
BRDA:105,8,1,0
BRDA:128,9,0,0
BRDA:128,9,1,0
BRDA:131,10,0,0
BRDA:131,10,1,0
BRDA:172,11,0,0
BRDA:172,11,1,0
BRDA:187,12,0,0
BRDA:187,12,1,0
BRDA:190,13,0,0
BRDA:190,13,1,0
BRF:29
BRH:12
end_of_record
TN:
SF:src\modules\auth\components\PasswordCriteriaList.tsx
FN:17,(anonymous_0)
FNF:1
FNH:1
FNDA:95,(anonymous_0)
DA:2,1
DA:10,1
DA:17,1
DA:20,95
LF:4
LH:4
BRDA:28,0,0,25
BRDA:28,0,1,70
BRDA:38,1,0,74
BRDA:38,1,1,21
BRDA:48,2,0,90
BRDA:48,2,1,5
BRDA:58,3,0,19
BRDA:58,3,1,76
BRDA:68,4,0,7
BRDA:68,4,1,88
BRF:10
BRH:10
end_of_record
TN:
SF:src\modules\auth\components\RegisterForm.tsx
FN:14,(anonymous_0)
FN:37,(anonymous_1)
FN:48,(anonymous_2)
FN:58,(anonymous_3)
FNF:4
FNH:3
FNDA:268,(anonymous_0)
FNDA:0,(anonymous_1)
FNDA:144,(anonymous_2)
FNDA:91,(anonymous_3)
DA:2,1
DA:10,1
DA:11,1
DA:12,1
DA:14,1
DA:16,268
DA:18,268
DA:20,268
DA:48,144
DA:58,91
LF:10
LH:10
BRDA:36,0,0,268
BRDA:36,0,1,4
BRDA:42,1,0,268
BRDA:42,1,1,2
BRDA:62,2,0,268
BRDA:62,2,1,99
BRDA:64,3,0,98
BRDA:64,3,1,170
BRDA:64,4,0,268
BRDA:64,4,1,105
BRDA:70,5,0,268
BRDA:70,5,1,105
BRDA:78,6,0,268
BRDA:78,6,1,6
BRDA:81,7,0,2
BRDA:81,7,1,266
BRF:16
BRH:16
end_of_record
TN:
SF:src\modules\auth\components\index.ts
FN:1,(anonymous_0)
FN:2,(anonymous_1)
FN:3,(anonymous_2)
FNF:3
FNH:0
FNDA:0,(anonymous_0)
FNDA:0,(anonymous_1)
FNDA:0,(anonymous_2)
DA:1,0
DA:2,0
DA:3,0
LF:3
LH:0
BRF:0
BRH:0
end_of_record
TN:
SF:src\modules\auth\hooks\index.ts
FN:1,(anonymous_0)
FN:2,(anonymous_1)
FN:3,(anonymous_2)
FNF:3
FNH:0
FNDA:0,(anonymous_0)
FNDA:0,(anonymous_1)
FNDA:0,(anonymous_2)
DA:1,0
DA:2,0
DA:3,0
LF:3
LH:0
BRF:0
BRH:0
end_of_record
TN:
SF:src\modules\auth\hooks\useAuth.ts
FN:26,(anonymous_0)
FN:31,(anonymous_1)
FN:40,(anonymous_2)
FN:46,(anonymous_3)
FN:52,(anonymous_4)
FN:57,(anonymous_5)
FNF:6
FNH:2
FNDA:194,(anonymous_0)
FNDA:3,(anonymous_1)
FNDA:0,(anonymous_2)
FNDA:0,(anonymous_3)
FNDA:0,(anonymous_4)
FNDA:0,(anonymous_5)
DA:1,2
DA:2,2
DA:3,2
DA:12,2
DA:26,2
DA:27,194
DA:28,194
DA:29,194
DA:31,194
DA:32,3
DA:33,1
DA:34,0
DA:36,1
DA:37,1
DA:40,194
DA:41,0
DA:42,0
DA:43,0
DA:46,194
DA:47,0
DA:48,0
DA:49,0
DA:52,194
DA:53,0
DA:54,0
DA:57,194
DA:58,0
DA:59,0
DA:65,194
LF:29
LH:18
BRDA:33,0,0,0
BRDA:33,0,1,1
BRDA:33,1,0,1
BRDA:33,1,1,1
BRF:4
BRH:3
end_of_record
TN:
SF:src\modules\auth\hooks\useLogin.ts
FN:12,(anonymous_0)
FN:28,(anonymous_1)
FN:34,(anonymous_2)
FN:46,(anonymous_3)
FN:59,(anonymous_4)
FN:71,(anonymous_5)
FN:77,(anonymous_6)
FN:82,(anonymous_7)
FNF:8
FNH:3
FNDA:191,(anonymous_0)
FNDA:4,(anonymous_1)
FNDA:3,(anonymous_2)
FNDA:0,(anonymous_3)
FNDA:0,(anonymous_4)
FNDA:0,(anonymous_5)
FNDA:0,(anonymous_6)
FNDA:0,(anonymous_7)
DA:1,1
DA:2,1
DA:3,1
DA:4,1
DA:5,1
DA:12,1
DA:20,191
DA:21,191
DA:22,191
DA:23,191
DA:26,191
DA:29,4
DA:30,1
DA:32,3
DA:35,3
DA:40,191
DA:41,191
DA:43,191
DA:45,191
DA:47,0
DA:48,0
DA:49,0
DA:50,0
DA:52,0
DA:58,191
DA:60,0
DA:61,0
DA:62,0
DA:63,0
DA:65,0
DA:71,191
DA:72,0
DA:73,0
DA:74,0
DA:77,191
DA:78,0
DA:79,0
DA:82,191
DA:83,0
DA:84,0
DA:87,191
DA:91,191
LF:42
LH:25
BRDA:29,0,0,1
BRDA:29,0,1,3
BRDA:29,1,0,4
BRDA:29,1,1,4
BRDA:40,2,0,0
BRDA:40,2,1,191
BRDA:41,3,0,191
BRDA:41,3,1,162
BRDA:43,4,0,0
BRDA:43,4,1,191
BRDA:48,5,0,0
BRDA:48,5,1,0
BRDA:61,6,0,0
BRDA:61,6,1,0
BRF:14
BRH:8
end_of_record
TN:
SF:src\modules\auth\hooks\useRegister.ts
FN:19,(anonymous_0)
FN:31,(anonymous_1)
FN:42,(anonymous_2)
FN:48,(anonymous_3)
FN:58,(anonymous_4)
FNF:5
FNH:5
FNDA:268,(anonymous_0)
FNDA:5,(anonymous_1)
FNDA:2,(anonymous_2)
FNDA:235,(anonymous_3)
FNDA:268,(anonymous_4)
DA:1,1
DA:2,1
DA:3,1
DA:4,1
DA:5,1
DA:19,1
DA:20,268
DA:21,268
DA:23,268
DA:32,5
DA:33,1
DA:35,4
DA:36,4
DA:37,2
DA:38,2
DA:40,2
DA:43,2
DA:44,1
DA:45,1
DA:49,235
DA:50,91
DA:51,91
DA:52,91
DA:54,144
DA:58,268
DA:59,268
DA:60,268
DA:67,268
LF:28
LH:28
BRDA:32,0,0,1
BRDA:32,0,1,4
BRDA:32,1,0,5
BRDA:32,1,1,5
BRDA:36,2,0,2
BRDA:36,2,1,2
BRDA:49,3,0,91
BRDA:49,3,1,144
BRDA:61,4,0,268
BRDA:61,4,1,224
BRDA:61,4,2,78
BRF:11
BRH:11
end_of_record
TN:
SF:src\modules\auth\pages\LoginPage.tsx
FN:5,(anonymous_0)
FNF:1
FNH:0
FNDA:0,(anonymous_0)
DA:2,0
DA:3,0
DA:5,0
DA:6,0
LF:4
LH:0
BRF:0
BRH:0
end_of_record
TN:
SF:src\modules\auth\pages\RegisterPage.tsx
FN:5,(anonymous_0)
FNF:1
FNH:0
FNDA:0,(anonymous_0)
DA:2,0
DA:3,0
DA:5,0
DA:6,0
LF:4
LH:0
BRF:0
BRH:0
end_of_record
TN:
SF:src\modules\auth\pages\index.ts
FN:1,(anonymous_0)
FN:2,(anonymous_1)
FNF:2
FNH:0
FNDA:0,(anonymous_0)
FNDA:0,(anonymous_1)
DA:1,0
DA:2,0
LF:2
LH:0
BRF:0
BRH:0
end_of_record
TN:
SF:src\modules\auth\services\apiClient.ts
FN:20,fetchApi
FN:59,(anonymous_2)
FN:66,(anonymous_3)
FN:79,(anonymous_4)
FN:86,(anonymous_5)
FN:93,(anonymous_6)
FN:99,(anonymous_7)
FN:105,(anonymous_8)
FN:115,(anonymous_9)
FN:125,(anonymous_10)
FNF:10
FNH:0
FNDA:0,fetchApi
FNDA:0,(anonymous_2)
FNDA:0,(anonymous_3)
FNDA:0,(anonymous_4)
FNDA:0,(anonymous_5)
FNDA:0,(anonymous_6)
FNDA:0,(anonymous_7)
FNDA:0,(anonymous_8)
FNDA:0,(anonymous_9)
FNDA:0,(anonymous_10)
DA:1,1
DA:2,1
DA:27,0
DA:28,0
DA:29,0
DA:35,0
DA:37,0
DA:39,0
DA:41,0
DA:44,0
DA:46,0
DA:47,0
DA:49,0
DA:52,0
DA:54,0
DA:58,1
DA:60,0
DA:70,0
DA:80,0
DA:87,0
DA:94,0
DA:100,0
DA:108,0
DA:119,0
DA:126,0
LF:25
LH:3
BRDA:22,0,0,0
BRDA:31,1,0,0
BRDA:31,1,1,0
BRDA:37,2,0,0
BRDA:37,2,1,0
BRDA:39,3,0,0
BRDA:39,3,1,0
BRDA:46,4,0,0
BRDA:46,4,1,0
BRDA:49,5,0,0
BRDA:49,5,1,0
BRDA:49,5,2,0
BRDA:51,6,0,0
BRDA:51,6,1,0
BRF:14
BRH:0
end_of_record
TN:
SF:src\modules\auth\services\authService.ts
FN:5,(anonymous_0)
FNF:1
FNH:0
FNDA:0,(anonymous_0)
DA:1,0
DA:4,0
DA:6,0
DA:8,0
DA:9,0
DA:10,0
DA:12,0
LF:7
LH:0
BRDA:9,0,0,0
BRDA:9,0,1,0
BRF:2
BRH:0
end_of_record
TN:
SF:src\modules\auth\services\index.ts
FN:1,(anonymous_0)
FN:2,(anonymous_1)
FN:3,(anonymous_2)
FNF:3
FNH:0
FNDA:0,(anonymous_0)
FNDA:0,(anonymous_1)
FNDA:0,(anonymous_2)
DA:1,0
DA:2,0
DA:3,0
LF:3
LH:0
BRF:0
BRH:0
end_of_record
TN:
SF:src\modules\auth\services\passwordValidator.ts
FN:17,(anonymous_0)
FN:45,(anonymous_1)
FNF:2
FNH:2
FNDA:363,(anonymous_0)
FNDA:631,(anonymous_1)
DA:14,1
DA:16,1
DA:18,363
DA:19,363
DA:21,363
DA:22,312
DA:24,363
DA:25,207
DA:27,363
DA:28,174
DA:30,363
DA:31,324
DA:33,363
DA:34,349
DA:39,363
DA:46,631
LF:16
LH:16
BRDA:21,0,0,312
BRDA:21,0,1,51
BRDA:24,1,0,207
BRDA:24,1,1,156
BRDA:27,2,0,174
BRDA:27,2,1,189
BRDA:30,3,0,324
BRDA:30,3,1,39
BRDA:33,4,0,349
BRDA:33,4,1,14
BRF:10
BRH:10
end_of_record
TN:
SF:src\modules\common\hooks\index.ts
FN:1,(anonymous_0)
FNF:1
FNH:0
FNDA:0,(anonymous_0)
DA:1,0
LF:1
LH:0
BRF:0
BRH:0
end_of_record
TN:
SF:src\modules\common\hooks\useForm.ts
FN:26,(anonymous_0)
FN:37,(anonymous_1)
FN:51,(anonymous_2)
FN:52,(anonymous_3)
FN:57,(anonymous_4)
FN:65,(anonymous_5)
FN:77,(anonymous_6)
FN:80,(anonymous_7)
FN:88,(anonymous_8)
FN:103,(anonymous_9)
FN:129,(anonymous_10)
FN:142,(anonymous_11)
FNF:12
FNH:11
FNDA:459,(anonymous_0)
FNDA:27,(anonymous_1)
FNDA:401,(anonymous_2)
FNDA:401,(anonymous_3)
FNDA:91,(anonymous_4)
FNDA:401,(anonymous_5)
FNDA:9,(anonymous_6)
FNDA:9,(anonymous_7)
FNDA:4,(anonymous_8)
FNDA:2,(anonymous_9)
FNDA:3,(anonymous_10)
FNDA:0,(anonymous_11)
DA:1,2
DA:26,2
DA:35,459
DA:36,459
DA:38,27
DA:45,459
DA:50,459
DA:52,401
DA:53,401
DA:54,401
DA:55,235
DA:56,235
DA:57,91
DA:61,401
DA:64,401
DA:66,401
DA:76,459
DA:78,9
DA:79,9
DA:80,9
DA:83,9
DA:84,9
DA:85,9
DA:86,9
DA:87,4
DA:89,4
DA:96,4
DA:100,5
DA:102,2
DA:104,2
DA:107,2
DA:108,2
DA:111,2
DA:112,0
DA:115,3
DA:116,3
DA:117,2
DA:118,1
DA:119,1
DA:120,0
DA:126,0
DA:128,3
DA:130,3
DA:142,459
DA:143,0
DA:144,0
DA:145,0
DA:148,459
LF:48
LH:42
BRDA:32,0,0,0
BRDA:54,1,0,235
BRDA:54,1,1,166
BRDA:56,2,0,91
BRDA:56,2,1,144
BRDA:84,3,0,9
BRDA:84,3,1,0
BRDA:86,4,0,4
BRDA:86,4,1,5
BRDA:107,5,0,2
BRDA:107,5,1,0
BRDA:111,6,0,0
BRDA:111,6,1,2
BRDA:116,7,0,2
BRDA:116,7,1,1
BRDA:118,8,0,1
BRDA:118,8,1,0
BRDA:120,9,0,0
BRDA:120,9,1,0
BRDA:121,10,0,0
BRDA:121,10,1,0
BRDA:121,10,2,0
BRDA:121,10,3,0
BRF:23
BRH:12
end_of_record
TN:
SF:src\modules\common\pages\HomePage.tsx
FN:18,(anonymous_0)
FN:32,(anonymous_1)
FN:38,(anonymous_2)
FN:68,(anonymous_3)
FN:84,(anonymous_4)
FN:87,(anonymous_5)
FN:120,(anonymous_6)
FN:137,(anonymous_7)
FNF:8
FNH:0
FNDA:0,(anonymous_0)
FNDA:0,(anonymous_1)
FNDA:0,(anonymous_2)
FNDA:0,(anonymous_3)
FNDA:0,(anonymous_4)
FNDA:0,(anonymous_5)
FNDA:0,(anonymous_6)
FNDA:0,(anonymous_7)
DA:1,0
DA:2,0
DA:13,0
DA:14,0
DA:15,0
DA:16,0
DA:18,0
DA:27,0
DA:28,0
DA:29,0
DA:30,0
DA:32,0
DA:33,0
DA:34,0
DA:35,0
DA:38,0
DA:39,0
DA:42,0
DA:69,0
DA:85,0
DA:87,0
DA:121,0
DA:138,0
LF:23
LH:0
BRDA:35,0,0,0
BRDA:35,0,1,0
BRDA:48,1,0,0
BRDA:48,1,1,0
BRDA:48,1,2,0
BRDA:54,2,0,0
BRDA:54,2,1,0
BRDA:60,3,0,0
BRDA:60,3,1,0
BRDA:60,3,2,0
BRDA:60,3,3,0
BRDA:67,4,0,0
BRDA:67,4,1,0
BRDA:119,5,0,0
BRDA:119,5,1,0
BRDA:127,6,0,0
BRDA:127,6,1,0
BRDA:127,7,0,0
BRDA:127,7,1,0
BRDA:128,8,0,0
BRDA:128,8,1,0
BRDA:128,9,0,0
BRDA:128,9,1,0
BRDA:136,10,0,0
BRDA:136,10,1,0
BRDA:144,11,0,0
BRDA:144,11,1,0
BRDA:144,12,0,0
BRDA:144,12,1,0
BRDA:145,13,0,0
BRDA:145,13,1,0
BRDA:145,14,0,0
BRDA:145,14,1,0
BRF:33
BRH:0
end_of_record
TN:
SF:src\modules\common\pages\index.ts
FN:1,(anonymous_0)
FNF:1
FNH:0
FNDA:0,(anonymous_0)
DA:1,0
LF:1
LH:0
BRF:0
BRH:0
end_of_record
TN:
SF:src\modules\events\components\EventDetailsModal.tsx
FN:19,(anonymous_0)
FNF:1
FNH:0
FNDA:0,(anonymous_0)
DA:2,0
DA:19,0
DA:24,0
DA:26,0
LF:4
LH:0
BRDA:24,0,0,0
BRDA:24,0,1,0
BRDA:31,1,0,0
BRDA:31,1,1,0
BRDA:41,2,0,0
BRDA:41,2,1,0
BRF:6
BRH:0
end_of_record
TN:
SF:src\modules\events\hooks\useEvents.ts
FN:33,(anonymous_0)
FN:41,(anonymous_1)
FN:76,(anonymous_2)
FN:89,(anonymous_3)
FN:98,(anonymous_4)
FN:102,(anonymous_5)
FN:107,(anonymous_6)
FNF:7
FNH:0
FNDA:0,(anonymous_0)
FNDA:0,(anonymous_1)
FNDA:0,(anonymous_2)
FNDA:0,(anonymous_3)
FNDA:0,(anonymous_4)
FNDA:0,(anonymous_5)
FNDA:0,(anonymous_6)
DA:1,0
DA:2,0
DA:33,0
DA:34,0
DA:35,0
DA:36,0
DA:37,0
DA:38,0
DA:39,0
DA:41,0
DA:45,0
DA:46,0
DA:48,0
DA:49,0
DA:51,0
DA:52,0
DA:54,0
DA:55,0
DA:56,0
DA:59,0
DA:60,0
DA:62,0
DA:63,0
DA:66,0
DA:75,0
DA:76,0
DA:79,0
DA:80,0
DA:82,0
DA:83,0
DA:85,0
DA:86,0
DA:88,0
DA:89,0
DA:90,0
DA:93,0
DA:98,0
DA:99,0
DA:102,0
DA:103,0
DA:104,0
DA:107,0
DA:108,0
DA:110,0
DA:111,0
DA:113,0
DA:114,0
DA:117,0
LF:48
LH:0
BRDA:54,0,0,0
BRDA:54,0,1,0
BRDA:62,1,0,0
BRDA:62,1,1,0
BRDA:66,2,0,0
BRDA:66,2,1,0
BRDA:66,3,0,0
BRDA:66,3,1,0
BRDA:66,3,2,0
BRDA:75,4,0,0
BRDA:75,4,1,0
BRDA:75,5,0,0
BRDA:75,5,1,0
BRDA:88,6,0,0
BRDA:88,6,1,0
BRDA:103,7,0,0
BRDA:103,7,1,0
BRDA:108,8,0,0
BRDA:108,8,1,0
BRDA:111,9,0,0
BRDA:111,9,1,0
BRF:21
BRH:0
end_of_record
TN:
SF:src\modules\store\store.ts
FN:16,(anonymous_1)
FN:20,(anonymous_2)
FN:31,(anonymous_3)
FNF:3
FNH:1
FNDA:0,(anonymous_1)
FNDA:0,(anonymous_2)
FNDA:576,(anonymous_3)
DA:1,2
DA:2,2
DA:5,2
DA:7,2
DA:16,2
DA:17,0
DA:21,0
DA:28,0
DA:31,576
DA:32,2
LF:10
LH:7
BRF:0
BRH:0
end_of_record
TN:
SF:src\modules\store\testing\tests-environement.ts
FN:11,(anonymous_1)
FN:17,(anonymous_2)
FN:48,(anonymous_3)
FN:58,(anonymous_4)
FNF:4
FNH:3
FNDA:30,(anonymous_1)
FNDA:30,(anonymous_2)
FNDA:30,(anonymous_3)
FNDA:0,(anonymous_4)
DA:1,3
DA:3,3
DA:5,3
DA:11,3
DA:13,30
DA:17,3
DA:21,30
DA:25,30
DA:33,30
DA:44,30
DA:49,30
DA:58,3
DA:59,0
DA:63,0
DA:65,0
DA:70,0
LF:16
LH:12
BRDA:33,0,0,3
BRDA:33,0,1,27
BRDA:39,1,0,3
BRDA:39,1,1,0
BRF:4
BRH:3
end_of_record
TN:
SF:src\modules\user\userSlice.ts
FN:24,(anonymous_0)
FN:28,(anonymous_1)
FNF:2
FNH:0
FNDA:0,(anonymous_0)
FNDA:0,(anonymous_1)
DA:1,0
DA:15,0
DA:20,0
DA:25,0
DA:26,0
DA:29,0
DA:30,0
DA:35,0
DA:36,0
LF:9
LH:0
BRF:0
BRH:0
end_of_record
TN:
SF:src\modules\user\components\BackupCodesModal.tsx
FN:18,(anonymous_0)
FN:23,(anonymous_1)
FN:54,(anonymous_2)
FNF:3
FNH:1
FNDA:2,(anonymous_0)
FNDA:0,(anonymous_1)
FNDA:0,(anonymous_2)
DA:2,1
DA:18,1
DA:23,2
DA:24,0
DA:25,0
DA:26,0
DA:27,0
DA:28,0
DA:29,0
DA:30,0
DA:31,0
DA:32,0
DA:33,0
DA:36,2
DA:55,0
LF:15
LH:4
BRF:0
BRH:0
end_of_record
TN:
SF:src\modules\user\components\DisableTwoFactorAuthModal.tsx
FN:19,(anonymous_0)
FN:27,(anonymous_1)
FN:43,(anonymous_2)
FNF:3
FNH:1
FNDA:2,(anonymous_0)
FNDA:0,(anonymous_1)
FNDA:0,(anonymous_2)
DA:1,1
DA:2,1
DA:19,1
DA:24,2
DA:25,2
DA:27,2
DA:28,0
DA:29,0
DA:31,0
DA:32,0
DA:33,0
DA:35,0
DA:39,0
DA:43,2
DA:44,0
DA:45,0
DA:48,2
LF:17
LH:8
BRDA:36,0,0,0
BRDA:36,0,1,0
BRDA:57,1,0,2
BRDA:57,1,1,0
BRDA:68,2,0,0
BRDA:68,2,1,2
BRF:6
BRH:2
end_of_record
TN:
SF:src\modules\user\components\EnableTwoFactorAuthModal.tsx
FN:30,(anonymous_0)
FN:42,(anonymous_1)
FN:64,(anonymous_2)
FN:113,(anonymous_3)
FNF:4
FNH:1
FNDA:2,(anonymous_0)
FNDA:0,(anonymous_1)
FNDA:0,(anonymous_2)
FNDA:0,(anonymous_3)
DA:1,1
DA:2,1
DA:30,1
DA:38,2
DA:39,2
DA:40,2
DA:42,2
DA:43,0
DA:44,0
DA:45,0
DA:48,0
DA:49,0
DA:51,0
DA:52,0
DA:53,0
DA:54,0
DA:56,0
DA:60,0
DA:64,2
DA:65,0
DA:66,0
DA:67,0
DA:70,2
DA:114,0
DA:115,0
DA:116,0
LF:26
LH:9
BRDA:43,0,0,0
BRDA:43,0,1,0
BRDA:43,1,0,0
BRDA:43,1,1,0
BRDA:43,1,2,0
BRDA:57,2,0,0
BRDA:57,2,1,0
BRDA:74,3,0,0
BRDA:74,3,1,2
BRDA:78,4,0,0
BRDA:78,4,1,2
BRDA:82,5,0,0
BRDA:82,5,1,2
BRDA:129,6,0,0
BRDA:129,6,1,0
BRDA:141,7,0,2
BRDA:141,7,1,0
BRDA:145,8,0,0
BRDA:145,8,1,0
BRDA:147,9,0,0
BRDA:147,9,1,0
BRF:21
BRH:4
end_of_record
TN:
SF:src\modules\user\components\ProfileForm.tsx
FN:17,(anonymous_0)
FN:38,(anonymous_1)
FN:43,(anonymous_2)
FN:48,(anonymous_3)
FN:52,(anonymous_4)
FN:57,(anonymous_5)
FN:68,(anonymous_6)
FN:156,(anonymous_7)
FNF:8
FNH:1
FNDA:3,(anonymous_0)
FNDA:0,(anonymous_1)
FNDA:0,(anonymous_2)
FNDA:0,(anonymous_3)
FNDA:0,(anonymous_4)
FNDA:0,(anonymous_5)
FNDA:0,(anonymous_6)
FNDA:0,(anonymous_7)
DA:1,1
DA:2,1
DA:10,1
DA:11,1
DA:12,1
DA:13,1
DA:14,1
DA:15,1
DA:17,1
DA:18,3
DA:25,3
DA:26,3
DA:27,3
DA:28,3
DA:29,3
DA:30,3
DA:31,1
DA:38,2
DA:39,0
DA:40,0
DA:43,2
DA:44,0
DA:45,0
DA:48,2
DA:49,0
DA:52,2
DA:53,0
DA:54,0
DA:57,2
DA:61,0
DA:62,0
DA:63,0
DA:64,0
DA:65,0
DA:68,2
DA:69,0
DA:70,0
DA:71,0
DA:74,2
DA:75,0
DA:82,2
DA:157,0
DA:158,0
DA:159,0
LF:44
LH:25
BRDA:30,0,0,1
BRDA:30,0,1,2
BRDA:74,1,0,0
BRDA:74,1,1,2
BRDA:104,2,0,2
BRDA:104,2,1,0
BRDA:113,3,0,2
BRDA:113,3,1,0
BRDA:119,4,0,0
BRDA:119,4,1,2
BRDA:155,5,0,2
BRDA:155,5,1,2
BRF:12
BRH:8
end_of_record
TN:
SF:src\modules\user\components\index.ts
FN:1,(anonymous_0)
FNF:1
FNH:0
FNDA:0,(anonymous_0)
DA:1,0
LF:1
LH:0
BRF:0
BRH:0
end_of_record
TN:
SF:src\modules\user\hooks\index.ts
FN:1,(anonymous_0)
FNF:1
FNH:1
FNDA:3,(anonymous_0)
DA:1,4
LF:1
LH:1
BRF:0
BRH:0
end_of_record
TN:
SF:src\modules\user\hooks\useCurrentUserQrCode.ts
FN:16,(anonymous_0)
FN:23,(anonymous_1)
FN:38,(anonymous_2)
FNF:3
FNH:1
FNDA:3,(anonymous_0)
FNDA:0,(anonymous_1)
FNDA:0,(anonymous_2)
DA:1,1
DA:2,1
DA:16,1
DA:17,3
DA:23,3
DA:24,0
DA:26,0
DA:27,0
DA:28,0
DA:31,0
DA:34,0
DA:38,3
DA:39,0
DA:42,3
LF:14
LH:7
BRDA:31,0,0,0
BRDA:31,0,1,0
BRF:2
BRH:0
end_of_record
TN:
SF:src\modules\user\pages\ProfilePage.tsx
FN:5,(anonymous_0)
FNF:1
FNH:0
FNDA:0,(anonymous_0)
DA:2,0
DA:3,0
DA:5,0
DA:6,0
LF:4
LH:0
BRF:0
BRH:0
end_of_record
TN:
SF:src\modules\user\pages\index.ts
FN:1,(anonymous_0)
FNF:1
FNH:0
FNDA:0,(anonymous_0)
DA:1,0
LF:1
LH:0
BRF:0
BRH:0
end_of_record
TN:
SF:src\modules\user\services\index.ts
FN:1,(anonymous_0)
FNF:1
FNH:0
FNDA:0,(anonymous_0)
DA:1,0
LF:1
LH:0
BRF:0
BRH:0
end_of_record
TN:
SF:src\modules\user\services\userService.ts
FN:6,(anonymous_0)
FN:9,(anonymous_1)
FN:17,(anonymous_2)
FN:18,(anonymous_3)
FN:21,(anonymous_4)
FN:25,(anonymous_5)
FN:37,(anonymous_6)
FN:38,(anonymous_7)
FNF:8
FNH:4
FNDA:12,(anonymous_0)
FNDA:1,(anonymous_1)
FNDA:3,(anonymous_2)
FNDA:1,(anonymous_3)
FNDA:0,(anonymous_4)
FNDA:0,(anonymous_5)
FNDA:0,(anonymous_6)
FNDA:0,(anonymous_7)
DA:3,1
DA:4,1
DA:7,12
DA:10,1
DA:14,1
DA:15,1
DA:18,3
DA:25,0
DA:26,0
DA:27,0
DA:29,0
DA:34,0
DA:38,0
LF:13
LH:7
BRDA:26,0,0,0
BRDA:26,0,1,0
BRF:2
BRH:0
end_of_record
TN:
SF:src\services\axiosInstanceApi.ts
FN:10,(anonymous_1)
FNF:1
FNH:0
FNDA:0,(anonymous_1)
DA:1,1
DA:3,1
DA:6,1
DA:10,1
DA:11,0
LF:5
LH:4
BRDA:6,0,0,1
BRDA:6,0,1,1
BRDA:6,0,2,1
BRDA:6,0,3,1
BRDA:10,1,0,0
BRDA:14,2,0,0
BRDA:14,2,1,0
BRDA:17,3,0,0
BRDA:17,3,1,0
BRF:9
BRH:4
end_of_record
TN:
SF:src\services\index.ts
FN:1,(anonymous_0)
FNF:1
FNH:0
FNDA:0,(anonymous_0)
DA:1,1
LF:1
LH:1
BRF:0
BRH:0
end_of_record
